# lattice-best-path --lm-scale=17 --word-symbol-table=exp/mono/graph/words.txt "ark:gunzip -c exp/mono/decode/lat.*.gz|" ark,t:exp/mono/decode/scoring/17.tra 
# Started at Tue Jan 22 04:27:07 EST 2019
#
lattice-best-path --lm-scale=17 --word-symbol-table=exp/mono/graph/words.txt 'ark:gunzip -c exp/mono/decode/lat.*.gz|' ark,t:exp/mono/decode/scoring/17.tra 
LOG (lattice-best-path[5.5]:main():lattice-best-path.cc:99) For utterance 1-584, best cost 427.98 + 20161.3 = 20589.3 over 220 frames.
1-584 five eight four 
LOG (lattice-best-path[5.5]:main():lattice-best-path.cc:99) For utterance 1-774, best cost 457.706 + 20889.8 = 21347.5 over 240 frames.
1-774 seven seven four 
LOG (lattice-best-path[5.5]:main():lattice-best-path.cc:99) For utterance 1-789, best cost 407.957 + 19763.7 = 20171.6 over 226 frames.
1-789 seven eight nine 
LOG (lattice-best-path[5.5]:main():lattice-best-path.cc:99) For utterance 1-897, best cost 402.54 + 18807.5 = 19210.1 over 210 frames.
1-897 eight nine seven 
LOG (lattice-best-path[5.5]:main():lattice-best-path.cc:99) For utterance 1-905, best cost 412.083 + 19047 = 19459.1 over 223 frames.
1-905 nine zero five 
LOG (lattice-best-path[5.5]:main():lattice-best-path.cc:99) For utterance 1-964, best cost 401.58 + 18158.5 = 18560.1 over 208 frames.
1-964 nine six four 
LOG (lattice-best-path[5.5]:main():lattice-best-path.cc:99) For utterance 2-021, best cost 384.372 + 19288.8 = 19673.1 over 247 frames.
2-021 zero two one 
LOG (lattice-best-path[5.5]:main():lattice-best-path.cc:99) For utterance 2-578, best cost 490.919 + 18832.1 = 19323 over 228 frames.
2-578 five seven eight eight 
LOG (lattice-best-path[5.5]:main():lattice-best-path.cc:99) For utterance 2-702, best cost 426.296 + 21244.7 = 21671 over 268 frames.
2-702 seven zero two 
LOG (lattice-best-path[5.5]:main():lattice-best-path.cc:99) For utterance 2-718, best cost 410.063 + 19878.7 = 20288.8 over 248 frames.
2-718 seven one eight 
LOG (lattice-best-path[5.5]:main():lattice-best-path.cc:99) For utterance 2-789, best cost 500.242 + 21921.8 = 22422 over 249 frames.
2-789 seven eight eight nine 
LOG (lattice-best-path[5.5]:main():lattice-best-path.cc:99) For utterance 2-891, best cost 465.093 + 20982.6 = 21447.7 over 235 frames.
2-891 eight eight nine one 
LOG (lattice-best-path[5.5]:main():lattice-best-path.cc:99) For utterance 3-132, best cost 436.563 + 22559.3 = 22995.8 over 276 frames.
3-132 one three two 
LOG (lattice-best-path[5.5]:main():lattice-best-path.cc:99) For utterance 3-254, best cost 384.306 + 20423.3 = 20807.6 over 256 frames.
3-254 two five four 
LOG (lattice-best-path[5.5]:main():lattice-best-path.cc:99) For utterance 3-467, best cost 425.929 + 21950.5 = 22376.4 over 272 frames.
3-467 four six seven 
LOG (lattice-best-path[5.5]:main():lattice-best-path.cc:99) For utterance 3-587, best cost 402.923 + 19786.9 = 20189.8 over 238 frames.
3-587 five eight seven 
LOG (lattice-best-path[5.5]:main():lattice-best-path.cc:99) For utterance 3-789, best cost 399.356 + 20297 = 20696.4 over 247 frames.
3-789 seven eight nine 
LOG (lattice-best-path[5.5]:main():lattice-best-path.cc:99) For utterance 3-945, best cost 399.385 + 20561.2 = 20960.6 over 258 frames.
3-945 nine four five 
LOG (lattice-best-path[5.5]:main():lattice-best-path.cc:99) For utterance 4-112, best cost 372.856 + 17593.3 = 17966.1 over 227 frames.
4-112 one one two 
LOG (lattice-best-path[5.5]:main():lattice-best-path.cc:99) For utterance 4-141, best cost 384.6 + 18674.3 = 19058.9 over 241 frames.
4-141 one four one 
LOG (lattice-best-path[5.5]:main():lattice-best-path.cc:99) For utterance 4-412, best cost 374.444 + 18175.9 = 18550.4 over 233 frames.
4-412 four one two 
LOG (lattice-best-path[5.5]:main():lattice-best-path.cc:99) For utterance 4-596, best cost 415.149 + 21635.6 = 22050.8 over 254 frames.
4-596 five nine six 
LOG (lattice-best-path[5.5]:main():lattice-best-path.cc:99) For utterance 4-841, best cost 386.755 + 21215.1 = 21601.8 over 263 frames.
4-841 eight four one 
LOG (lattice-best-path[5.5]:main():lattice-best-path.cc:99) For utterance 4-984, best cost 392.91 + 21049.5 = 21442.4 over 249 frames.
4-984 nine eight four 
LOG (lattice-best-path[5.5]:main():lattice-best-path.cc:99) For utterance 5-105, best cost 461.965 + 26616.2 = 27078.1 over 310 frames.
5-105 one zero five 
LOG (lattice-best-path[5.5]:main():lattice-best-path.cc:99) For utterance 5-236, best cost 447.764 + 26285.1 = 26732.8 over 306 frames.
5-236 two three six 
LOG (lattice-best-path[5.5]:main():lattice-best-path.cc:99) For utterance 5-415, best cost 388.969 + 18832.2 = 19221.2 over 230 frames.
5-415 four one five 
LOG (lattice-best-path[5.5]:main():lattice-best-path.cc:99) For utterance 5-419, best cost 402.118 + 27600.6 = 28002.7 over 327 frames.
5-419 four one nine 
LOG (lattice-best-path[5.5]:main():lattice-best-path.cc:99) For utterance 5-742, best cost 395.359 + 22229 = 22624.4 over 268 frames.
5-742 seven four two 
LOG (lattice-best-path[5.5]:main():lattice-best-path.cc:99) For utterance 5-986, best cost 458.239 + 26779.1 = 27237.3 over 307 frames.
5-986 nine eight six 
LOG (lattice-best-path[5.5]:main():lattice-best-path.cc:99) For utterance 6-032, best cost 557.916 + 29910.8 = 30468.7 over 311 frames.
6-032 zero three two 
LOG (lattice-best-path[5.5]:main():lattice-best-path.cc:99) For utterance 6-123, best cost 598.57 + 27719.5 = 28318.1 over 276 frames.
6-123 nine two three eight eight 
LOG (lattice-best-path[5.5]:main():lattice-best-path.cc:99) For utterance 6-230, best cost 456.629 + 24548.4 = 25005.1 over 274 frames.
6-230 two three zero 
LOG (lattice-best-path[5.5]:main():lattice-best-path.cc:99) For utterance 6-234, best cost 432.634 + 26846.5 = 27279.1 over 289 frames.
6-234 two three four 
LOG (lattice-best-path[5.5]:main():lattice-best-path.cc:99) For utterance 6-450, best cost 467.423 + 29135.8 = 29603.2 over 297 frames.
6-450 four five zero 
LOG (lattice-best-path[5.5]:main():lattice-best-path.cc:99) For utterance 6-560, best cost 578.388 + 32554.8 = 33133.1 over 323 frames.
6-560 five six six 
LOG (lattice-best-path[5.5]:main():lattice-best-path.cc:99) For utterance 7-011, best cost 445.145 + 23865.9 = 24311.1 over 282 frames.
7-011 zero one one 
LOG (lattice-best-path[5.5]:main():lattice-best-path.cc:99) For utterance 7-230, best cost 499.513 + 28260.7 = 28760.2 over 284 frames.
7-230 two three zero 
LOG (lattice-best-path[5.5]:main():lattice-best-path.cc:99) For utterance 7-567, best cost 429.028 + 24612.8 = 25041.8 over 253 frames.
7-567 five six seven 
LOG (lattice-best-path[5.5]:main():lattice-best-path.cc:99) For utterance 7-678, best cost 408.067 + 24466.7 = 24874.8 over 249 frames.
7-678 six seven eight 
LOG (lattice-best-path[5.5]:main():lattice-best-path.cc:99) For utterance 7-748, best cost 567.302 + 25279 = 25846.3 over 240 frames.
7-748 seven three eight 
LOG (lattice-best-path[5.5]:main():lattice-best-path.cc:99) For utterance 7-951, best cost 460.263 + 24818.1 = 25278.4 over 257 frames.
7-951 nine five one 
LOG (lattice-best-path[5.5]:main():lattice-best-path.cc:99) For utterance 8-122, best cost 360.92 + 21432.1 = 21793 over 248 frames.
8-122 one two two 
LOG (lattice-best-path[5.5]:main():lattice-best-path.cc:99) For utterance 8-221, best cost 361.665 + 21558.6 = 21920.2 over 258 frames.
8-221 two two one 
LOG (lattice-best-path[5.5]:main():lattice-best-path.cc:99) For utterance 8-235, best cost 393.83 + 22896.5 = 23290.3 over 261 frames.
8-235 two three five 
LOG (lattice-best-path[5.5]:main():lattice-best-path.cc:99) For utterance 8-348, best cost 409.497 + 26502.6 = 26912.1 over 306 frames.
8-348 three four eight 
LOG (lattice-best-path[5.5]:main():lattice-best-path.cc:99) For utterance 8-524, best cost 382.093 + 21155.4 = 21537.5 over 248 frames.
8-524 five two four 
LOG (lattice-best-path[5.5]:main():lattice-best-path.cc:99) For utterance 8-808, best cost 406.156 + 24706.5 = 25112.7 over 273 frames.
8-808 eight zero eight 
LOG (lattice-best-path[5.5]:main():lattice-best-path.cc:124) Overall cost per frame is 89.0293 = 1.65945 [graph] + 87.3698 [acoustic] over 12493 frames.
LOG (lattice-best-path[5.5]:main():lattice-best-path.cc:128) Done 48 lattices, failed for 0
# Accounting: time=0 threads=1
# Ended (code 0) at Tue Jan 22 04:27:07 EST 2019, elapsed time 0 seconds
