# lattice-best-path --lm-scale=13 --word-symbol-table=exp/mono/graph/words.txt "ark:gunzip -c exp/mono/decode/lat.*.gz|" ark,t:exp/mono/decode/scoring/13.tra 
# Started at Tue Jan 22 04:27:07 EST 2019
#
lattice-best-path --lm-scale=13 --word-symbol-table=exp/mono/graph/words.txt 'ark:gunzip -c exp/mono/decode/lat.*.gz|' ark,t:exp/mono/decode/scoring/13.tra 
LOG (lattice-best-path[5.5]:main():lattice-best-path.cc:99) For utterance 1-584, best cost 327.279 + 20161.3 = 20488.6 over 220 frames.
1-584 five eight four 
LOG (lattice-best-path[5.5]:main():lattice-best-path.cc:99) For utterance 1-774, best cost 350.01 + 20889.8 = 21239.8 over 240 frames.
1-774 seven seven four 
LOG (lattice-best-path[5.5]:main():lattice-best-path.cc:99) For utterance 1-789, best cost 311.967 + 19763.7 = 20075.7 over 226 frames.
1-789 seven eight nine 
LOG (lattice-best-path[5.5]:main():lattice-best-path.cc:99) For utterance 1-897, best cost 307.825 + 18807.5 = 19115.4 over 210 frames.
1-897 eight nine seven 
LOG (lattice-best-path[5.5]:main():lattice-best-path.cc:99) For utterance 1-905, best cost 315.122 + 19047 = 19362.1 over 223 frames.
1-905 nine zero five 
LOG (lattice-best-path[5.5]:main():lattice-best-path.cc:99) For utterance 1-964, best cost 307.09 + 18158.5 = 18465.6 over 208 frames.
1-964 nine six four 
LOG (lattice-best-path[5.5]:main():lattice-best-path.cc:99) For utterance 2-021, best cost 293.932 + 19288.8 = 19582.7 over 247 frames.
2-021 zero two one 
LOG (lattice-best-path[5.5]:main():lattice-best-path.cc:99) For utterance 2-578, best cost 375.409 + 18832.1 = 19207.5 over 228 frames.
2-578 five seven eight eight 
LOG (lattice-best-path[5.5]:main():lattice-best-path.cc:99) For utterance 2-702, best cost 325.991 + 21244.7 = 21570.7 over 268 frames.
2-702 seven zero two 
LOG (lattice-best-path[5.5]:main():lattice-best-path.cc:99) For utterance 2-718, best cost 370.976 + 19813.7 = 20184.6 over 248 frames.
2-718 seven one eight eight 
LOG (lattice-best-path[5.5]:main():lattice-best-path.cc:99) For utterance 2-789, best cost 382.538 + 21921.8 = 22304.3 over 249 frames.
2-789 seven eight eight nine 
LOG (lattice-best-path[5.5]:main():lattice-best-path.cc:99) For utterance 2-891, best cost 355.659 + 20982.6 = 21338.3 over 235 frames.
2-891 eight eight nine one 
LOG (lattice-best-path[5.5]:main():lattice-best-path.cc:99) For utterance 3-132, best cost 333.842 + 22559.3 = 22893.1 over 276 frames.
3-132 one three two 
LOG (lattice-best-path[5.5]:main():lattice-best-path.cc:99) For utterance 3-254, best cost 293.881 + 20423.3 = 20717.2 over 256 frames.
3-254 two five four 
LOG (lattice-best-path[5.5]:main():lattice-best-path.cc:99) For utterance 3-467, best cost 325.71 + 21950.5 = 22276.2 over 272 frames.
3-467 four six seven 
LOG (lattice-best-path[5.5]:main():lattice-best-path.cc:99) For utterance 3-587, best cost 308.117 + 19786.9 = 20095 over 238 frames.
3-587 five eight seven 
LOG (lattice-best-path[5.5]:main():lattice-best-path.cc:99) For utterance 3-789, best cost 305.39 + 20297 = 20602.4 over 247 frames.
3-789 seven eight nine 
LOG (lattice-best-path[5.5]:main():lattice-best-path.cc:99) For utterance 3-945, best cost 305.412 + 20561.2 = 20866.6 over 258 frames.
3-945 nine four five 
LOG (lattice-best-path[5.5]:main():lattice-best-path.cc:99) For utterance 4-112, best cost 285.125 + 17593.3 = 17878.4 over 227 frames.
4-112 one one two 
LOG (lattice-best-path[5.5]:main():lattice-best-path.cc:99) For utterance 4-141, best cost 294.106 + 18674.3 = 18968.4 over 241 frames.
4-141 one four one 
LOG (lattice-best-path[5.5]:main():lattice-best-path.cc:99) For utterance 4-412, best cost 286.34 + 18175.9 = 18462.3 over 233 frames.
4-412 four one two 
LOG (lattice-best-path[5.5]:main():lattice-best-path.cc:99) For utterance 4-596, best cost 317.467 + 21635.6 = 21953.1 over 254 frames.
4-596 five nine six 
LOG (lattice-best-path[5.5]:main():lattice-best-path.cc:99) For utterance 4-841, best cost 295.754 + 21215.1 = 21510.8 over 263 frames.
4-841 eight four one 
LOG (lattice-best-path[5.5]:main():lattice-best-path.cc:99) For utterance 4-984, best cost 300.46 + 21049.5 = 21350 over 249 frames.
4-984 nine eight four 
LOG (lattice-best-path[5.5]:main():lattice-best-path.cc:99) For utterance 5-105, best cost 353.267 + 26616.2 = 26969.4 over 310 frames.
5-105 one zero five 
LOG (lattice-best-path[5.5]:main():lattice-best-path.cc:99) For utterance 5-236, best cost 342.408 + 26285.1 = 26627.5 over 306 frames.
5-236 two three six 
LOG (lattice-best-path[5.5]:main():lattice-best-path.cc:99) For utterance 5-415, best cost 297.447 + 18832.2 = 19129.6 over 230 frames.
5-415 four one five 
LOG (lattice-best-path[5.5]:main():lattice-best-path.cc:99) For utterance 5-419, best cost 307.502 + 27600.6 = 27908.1 over 327 frames.
5-419 four one nine 
LOG (lattice-best-path[5.5]:main():lattice-best-path.cc:99) For utterance 5-742, best cost 302.333 + 22229 = 22531.4 over 268 frames.
5-742 seven four two 
LOG (lattice-best-path[5.5]:main():lattice-best-path.cc:99) For utterance 5-986, best cost 350.418 + 26779.1 = 27129.5 over 307 frames.
5-986 nine eight six 
LOG (lattice-best-path[5.5]:main():lattice-best-path.cc:99) For utterance 6-032, best cost 426.642 + 29910.8 = 30337.4 over 311 frames.
6-032 zero three two 
LOG (lattice-best-path[5.5]:main():lattice-best-path.cc:99) For utterance 6-123, best cost 457.73 + 27719.5 = 28177.3 over 276 frames.
6-123 nine two three eight eight 
LOG (lattice-best-path[5.5]:main():lattice-best-path.cc:99) For utterance 6-230, best cost 349.187 + 24548.4 = 24897.6 over 274 frames.
6-230 two three zero 
LOG (lattice-best-path[5.5]:main():lattice-best-path.cc:99) For utterance 6-234, best cost 330.838 + 26846.5 = 27177.3 over 289 frames.
6-234 two three four 
LOG (lattice-best-path[5.5]:main():lattice-best-path.cc:99) For utterance 6-450, best cost 357.441 + 29135.8 = 29493.2 over 297 frames.
6-450 four five zero 
LOG (lattice-best-path[5.5]:main():lattice-best-path.cc:99) For utterance 6-560, best cost 442.297 + 32554.8 = 32997 over 323 frames.
6-560 five six six 
LOG (lattice-best-path[5.5]:main():lattice-best-path.cc:99) For utterance 7-011, best cost 340.405 + 23865.9 = 24206.3 over 282 frames.
7-011 zero one one 
LOG (lattice-best-path[5.5]:main():lattice-best-path.cc:99) For utterance 7-230, best cost 381.98 + 28260.7 = 28642.7 over 284 frames.
7-230 two three zero 
LOG (lattice-best-path[5.5]:main():lattice-best-path.cc:99) For utterance 7-567, best cost 328.08 + 24612.8 = 24940.9 over 253 frames.
7-567 five six seven 
LOG (lattice-best-path[5.5]:main():lattice-best-path.cc:99) For utterance 7-678, best cost 312.051 + 24466.7 = 24778.8 over 249 frames.
7-678 six seven eight 
LOG (lattice-best-path[5.5]:main():lattice-best-path.cc:99) For utterance 7-748, best cost 433.82 + 25279 = 25712.8 over 240 frames.
7-748 seven three eight 
LOG (lattice-best-path[5.5]:main():lattice-best-path.cc:99) For utterance 7-951, best cost 351.966 + 24818.1 = 25170.1 over 257 frames.
7-951 nine five one 
LOG (lattice-best-path[5.5]:main():lattice-best-path.cc:99) For utterance 8-122, best cost 275.998 + 21432.1 = 21708.1 over 248 frames.
8-122 one two two 
LOG (lattice-best-path[5.5]:main():lattice-best-path.cc:99) For utterance 8-221, best cost 276.567 + 21558.6 = 21835.1 over 258 frames.
8-221 two two one 
LOG (lattice-best-path[5.5]:main():lattice-best-path.cc:99) For utterance 8-235, best cost 301.164 + 22896.5 = 23197.7 over 261 frames.
8-235 two three five 
LOG (lattice-best-path[5.5]:main():lattice-best-path.cc:99) For utterance 8-348, best cost 313.145 + 26502.6 = 26815.7 over 306 frames.
8-348 three four eight 
LOG (lattice-best-path[5.5]:main():lattice-best-path.cc:99) For utterance 8-524, best cost 292.189 + 21155.4 = 21447.6 over 248 frames.
8-524 five two four 
LOG (lattice-best-path[5.5]:main():lattice-best-path.cc:99) For utterance 8-808, best cost 310.59 + 24706.5 = 25017.1 over 273 frames.
8-808 eight zero eight 
LOG (lattice-best-path[5.5]:main():lattice-best-path.cc:124) Overall cost per frame is 88.6382 = 1.27358 [graph] + 87.3646 [acoustic] over 12493 frames.
LOG (lattice-best-path[5.5]:main():lattice-best-path.cc:128) Done 48 lattices, failed for 0
# Accounting: time=0 threads=1
# Ended (code 0) at Tue Jan 22 04:27:07 EST 2019, elapsed time 0 seconds
