# lattice-best-path --lm-scale=14 --word-symbol-table=exp/mono/graph/words.txt "ark:gunzip -c exp/mono/decode/lat.*.gz|" ark,t:exp/mono/decode/scoring/14.tra 
# Started at Tue Jan 22 04:27:07 EST 2019
#
lattice-best-path --lm-scale=14 --word-symbol-table=exp/mono/graph/words.txt 'ark:gunzip -c exp/mono/decode/lat.*.gz|' ark,t:exp/mono/decode/scoring/14.tra 
LOG (lattice-best-path[5.5]:main():lattice-best-path.cc:99) For utterance 1-584, best cost 352.454 + 20161.3 = 20513.8 over 220 frames.
1-584 five eight four 
LOG (lattice-best-path[5.5]:main():lattice-best-path.cc:99) For utterance 1-774, best cost 376.934 + 20889.8 = 21266.8 over 240 frames.
1-774 seven seven four 
LOG (lattice-best-path[5.5]:main():lattice-best-path.cc:99) For utterance 1-789, best cost 335.965 + 19763.7 = 20099.6 over 226 frames.
1-789 seven eight nine 
LOG (lattice-best-path[5.5]:main():lattice-best-path.cc:99) For utterance 1-897, best cost 331.504 + 18807.5 = 19139 over 210 frames.
1-897 eight nine seven 
LOG (lattice-best-path[5.5]:main():lattice-best-path.cc:99) For utterance 1-905, best cost 339.363 + 19047 = 19386.4 over 223 frames.
1-905 nine zero five 
LOG (lattice-best-path[5.5]:main():lattice-best-path.cc:99) For utterance 1-964, best cost 330.713 + 18158.5 = 18489.2 over 208 frames.
1-964 nine six four 
LOG (lattice-best-path[5.5]:main():lattice-best-path.cc:99) For utterance 2-021, best cost 316.542 + 19288.8 = 19605.3 over 247 frames.
2-021 zero two one 
LOG (lattice-best-path[5.5]:main():lattice-best-path.cc:99) For utterance 2-578, best cost 404.286 + 18832.1 = 19236.4 over 228 frames.
2-578 five seven eight eight 
LOG (lattice-best-path[5.5]:main():lattice-best-path.cc:99) For utterance 2-702, best cost 351.067 + 21244.7 = 21595.8 over 268 frames.
2-702 seven zero two 
LOG (lattice-best-path[5.5]:main():lattice-best-path.cc:99) For utterance 2-718, best cost 399.513 + 19813.7 = 20213.2 over 248 frames.
2-718 seven one eight eight 
LOG (lattice-best-path[5.5]:main():lattice-best-path.cc:99) For utterance 2-789, best cost 411.964 + 21921.8 = 22333.7 over 249 frames.
2-789 seven eight eight nine 
LOG (lattice-best-path[5.5]:main():lattice-best-path.cc:99) For utterance 2-891, best cost 383.018 + 20982.6 = 21365.7 over 235 frames.
2-891 eight eight nine one 
LOG (lattice-best-path[5.5]:main():lattice-best-path.cc:99) For utterance 3-132, best cost 359.522 + 22559.3 = 22918.8 over 276 frames.
3-132 one three two 
LOG (lattice-best-path[5.5]:main():lattice-best-path.cc:99) For utterance 3-254, best cost 316.488 + 20423.3 = 20739.8 over 256 frames.
3-254 two five four 
LOG (lattice-best-path[5.5]:main():lattice-best-path.cc:99) For utterance 3-467, best cost 350.765 + 21950.5 = 22301.2 over 272 frames.
3-467 four six seven 
LOG (lattice-best-path[5.5]:main():lattice-best-path.cc:99) For utterance 3-587, best cost 331.819 + 19786.9 = 20118.7 over 238 frames.
3-587 five eight seven 
LOG (lattice-best-path[5.5]:main():lattice-best-path.cc:99) For utterance 3-789, best cost 328.882 + 20297 = 20625.9 over 247 frames.
3-789 seven eight nine 
LOG (lattice-best-path[5.5]:main():lattice-best-path.cc:99) For utterance 3-945, best cost 328.906 + 20561.2 = 20890.1 over 258 frames.
3-945 nine four five 
LOG (lattice-best-path[5.5]:main():lattice-best-path.cc:99) For utterance 4-112, best cost 307.058 + 17593.3 = 17900.3 over 227 frames.
4-112 one one two 
LOG (lattice-best-path[5.5]:main():lattice-best-path.cc:99) For utterance 4-141, best cost 316.729 + 18674.3 = 18991 over 241 frames.
4-141 one four one 
LOG (lattice-best-path[5.5]:main():lattice-best-path.cc:99) For utterance 4-412, best cost 308.366 + 18175.9 = 18484.3 over 233 frames.
4-412 four one two 
LOG (lattice-best-path[5.5]:main():lattice-best-path.cc:99) For utterance 4-596, best cost 341.887 + 21635.6 = 21977.5 over 254 frames.
4-596 five nine six 
LOG (lattice-best-path[5.5]:main():lattice-best-path.cc:99) For utterance 4-841, best cost 318.504 + 21215.1 = 21533.6 over 263 frames.
4-841 eight four one 
LOG (lattice-best-path[5.5]:main():lattice-best-path.cc:99) For utterance 4-984, best cost 323.573 + 21049.5 = 21373.1 over 249 frames.
4-984 nine eight four 
LOG (lattice-best-path[5.5]:main():lattice-best-path.cc:99) For utterance 5-105, best cost 380.441 + 26616.2 = 26996.6 over 310 frames.
5-105 one zero five 
LOG (lattice-best-path[5.5]:main():lattice-best-path.cc:99) For utterance 5-236, best cost 368.747 + 26285.1 = 26653.8 over 306 frames.
5-236 two three six 
LOG (lattice-best-path[5.5]:main():lattice-best-path.cc:99) For utterance 5-415, best cost 320.327 + 18832.2 = 19152.5 over 230 frames.
5-415 four one five 
LOG (lattice-best-path[5.5]:main():lattice-best-path.cc:99) For utterance 5-419, best cost 331.156 + 27600.6 = 27931.8 over 327 frames.
5-419 four one nine 
LOG (lattice-best-path[5.5]:main():lattice-best-path.cc:99) For utterance 5-742, best cost 325.59 + 22229 = 22554.6 over 268 frames.
5-742 seven four two 
LOG (lattice-best-path[5.5]:main():lattice-best-path.cc:99) For utterance 5-986, best cost 377.373 + 26779.1 = 27156.5 over 307 frames.
5-986 nine eight six 
LOG (lattice-best-path[5.5]:main():lattice-best-path.cc:99) For utterance 6-032, best cost 459.46 + 29910.8 = 30370.2 over 311 frames.
6-032 zero three two 
LOG (lattice-best-path[5.5]:main():lattice-best-path.cc:99) For utterance 6-123, best cost 492.94 + 27719.5 = 28212.5 over 276 frames.
6-123 nine two three eight eight 
LOG (lattice-best-path[5.5]:main():lattice-best-path.cc:99) For utterance 6-230, best cost 376.047 + 24548.4 = 24924.5 over 274 frames.
6-230 two three zero 
LOG (lattice-best-path[5.5]:main():lattice-best-path.cc:99) For utterance 6-234, best cost 356.287 + 26846.5 = 27202.7 over 289 frames.
6-234 two three four 
LOG (lattice-best-path[5.5]:main():lattice-best-path.cc:99) For utterance 6-450, best cost 384.936 + 29135.8 = 29520.7 over 297 frames.
6-450 four five zero 
LOG (lattice-best-path[5.5]:main():lattice-best-path.cc:99) For utterance 6-560, best cost 476.32 + 32554.8 = 33031.1 over 323 frames.
6-560 five six six 
LOG (lattice-best-path[5.5]:main():lattice-best-path.cc:99) For utterance 7-011, best cost 366.59 + 23865.9 = 24232.5 over 282 frames.
7-011 zero one one 
LOG (lattice-best-path[5.5]:main():lattice-best-path.cc:99) For utterance 7-230, best cost 411.363 + 28260.7 = 28672 over 284 frames.
7-230 two three zero 
LOG (lattice-best-path[5.5]:main():lattice-best-path.cc:99) For utterance 7-567, best cost 353.317 + 24612.8 = 24966.1 over 253 frames.
7-567 five six seven 
LOG (lattice-best-path[5.5]:main():lattice-best-path.cc:99) For utterance 7-678, best cost 336.055 + 24466.7 = 24802.8 over 249 frames.
7-678 six seven eight 
LOG (lattice-best-path[5.5]:main():lattice-best-path.cc:99) For utterance 7-748, best cost 467.19 + 25279 = 25746.2 over 240 frames.
7-748 seven three eight 
LOG (lattice-best-path[5.5]:main():lattice-best-path.cc:99) For utterance 7-951, best cost 379.04 + 24818.1 = 25197.2 over 257 frames.
7-951 nine five one 
LOG (lattice-best-path[5.5]:main():lattice-best-path.cc:99) For utterance 8-122, best cost 297.228 + 21432.1 = 21729.4 over 248 frames.
8-122 one two two 
LOG (lattice-best-path[5.5]:main():lattice-best-path.cc:99) For utterance 8-221, best cost 297.842 + 21558.6 = 21856.4 over 258 frames.
8-221 two two one 
LOG (lattice-best-path[5.5]:main():lattice-best-path.cc:99) For utterance 8-235, best cost 324.33 + 22896.5 = 23220.8 over 261 frames.
8-235 two three five 
LOG (lattice-best-path[5.5]:main():lattice-best-path.cc:99) For utterance 8-348, best cost 337.233 + 26502.6 = 26839.8 over 306 frames.
8-348 three four eight 
LOG (lattice-best-path[5.5]:main():lattice-best-path.cc:99) For utterance 8-524, best cost 314.665 + 21155.4 = 21470 over 248 frames.
8-524 five two four 
LOG (lattice-best-path[5.5]:main():lattice-best-path.cc:99) For utterance 8-808, best cost 334.482 + 24706.5 = 25041 over 273 frames.
8-808 eight zero eight 
LOG (lattice-best-path[5.5]:main():lattice-best-path.cc:124) Overall cost per frame is 88.7362 = 1.37155 [graph] + 87.3646 [acoustic] over 12493 frames.
LOG (lattice-best-path[5.5]:main():lattice-best-path.cc:128) Done 48 lattices, failed for 0
# Accounting: time=0 threads=1
# Ended (code 0) at Tue Jan 22 04:27:07 EST 2019, elapsed time 0 seconds
