# lattice-best-path --lm-scale=12 --word-symbol-table=exp/mono/graph/words.txt "ark:gunzip -c exp/mono/decode/lat.*.gz|" ark,t:exp/mono/decode/scoring/12.tra 
# Started at Tue Jan 22 04:27:07 EST 2019
#
lattice-best-path --lm-scale=12 --word-symbol-table=exp/mono/graph/words.txt 'ark:gunzip -c exp/mono/decode/lat.*.gz|' ark,t:exp/mono/decode/scoring/12.tra 
LOG (lattice-best-path[5.5]:main():lattice-best-path.cc:99) For utterance 1-584, best cost 302.104 + 20161.3 = 20463.4 over 220 frames.
1-584 five eight four 
LOG (lattice-best-path[5.5]:main():lattice-best-path.cc:99) For utterance 1-774, best cost 323.086 + 20889.8 = 21212.9 over 240 frames.
1-774 seven seven four 
LOG (lattice-best-path[5.5]:main():lattice-best-path.cc:99) For utterance 1-789, best cost 287.97 + 19763.7 = 20051.7 over 226 frames.
1-789 seven eight nine 
LOG (lattice-best-path[5.5]:main():lattice-best-path.cc:99) For utterance 1-897, best cost 284.146 + 18807.5 = 19091.7 over 210 frames.
1-897 eight nine seven 
LOG (lattice-best-path[5.5]:main():lattice-best-path.cc:99) For utterance 1-905, best cost 290.882 + 19047 = 19337.9 over 223 frames.
1-905 nine zero five 
LOG (lattice-best-path[5.5]:main():lattice-best-path.cc:99) For utterance 1-964, best cost 283.468 + 18158.5 = 18442 over 208 frames.
1-964 nine six four 
LOG (lattice-best-path[5.5]:main():lattice-best-path.cc:99) For utterance 2-021, best cost 271.322 + 19288.8 = 19560.1 over 247 frames.
2-021 zero two one 
LOG (lattice-best-path[5.5]:main():lattice-best-path.cc:99) For utterance 2-578, best cost 346.531 + 18832.1 = 19178.6 over 228 frames.
2-578 five seven eight eight 
LOG (lattice-best-path[5.5]:main():lattice-best-path.cc:99) For utterance 2-702, best cost 300.915 + 21244.7 = 21545.7 over 268 frames.
2-702 seven zero two 
LOG (lattice-best-path[5.5]:main():lattice-best-path.cc:99) For utterance 2-718, best cost 342.439 + 19813.7 = 20156.1 over 248 frames.
2-718 seven one eight eight 
LOG (lattice-best-path[5.5]:main():lattice-best-path.cc:99) For utterance 2-789, best cost 353.112 + 21921.8 = 22274.9 over 249 frames.
2-789 seven eight eight nine 
LOG (lattice-best-path[5.5]:main():lattice-best-path.cc:99) For utterance 2-891, best cost 328.301 + 20982.6 = 21310.9 over 235 frames.
2-891 eight eight nine one 
LOG (lattice-best-path[5.5]:main():lattice-best-path.cc:99) For utterance 3-132, best cost 308.162 + 22559.3 = 22867.4 over 276 frames.
3-132 one three two 
LOG (lattice-best-path[5.5]:main():lattice-best-path.cc:99) For utterance 3-254, best cost 271.275 + 20423.3 = 20694.6 over 256 frames.
3-254 two five four 
LOG (lattice-best-path[5.5]:main():lattice-best-path.cc:99) For utterance 3-467, best cost 300.656 + 21950.5 = 22251.1 over 272 frames.
3-467 four six seven 
LOG (lattice-best-path[5.5]:main():lattice-best-path.cc:99) For utterance 3-587, best cost 284.416 + 19786.9 = 20071.3 over 238 frames.
3-587 five eight seven 
LOG (lattice-best-path[5.5]:main():lattice-best-path.cc:99) For utterance 3-789, best cost 281.899 + 20297 = 20578.9 over 247 frames.
3-789 seven eight nine 
LOG (lattice-best-path[5.5]:main():lattice-best-path.cc:99) For utterance 3-945, best cost 281.919 + 20561.2 = 20843.1 over 258 frames.
3-945 nine four five 
LOG (lattice-best-path[5.5]:main():lattice-best-path.cc:99) For utterance 4-112, best cost 263.193 + 17593.3 = 17856.5 over 227 frames.
4-112 one one two 
LOG (lattice-best-path[5.5]:main():lattice-best-path.cc:99) For utterance 4-141, best cost 271.482 + 18674.3 = 18945.8 over 241 frames.
4-141 one four one 
LOG (lattice-best-path[5.5]:main():lattice-best-path.cc:99) For utterance 4-412, best cost 264.314 + 18175.9 = 18440.3 over 233 frames.
4-412 four one two 
LOG (lattice-best-path[5.5]:main():lattice-best-path.cc:99) For utterance 4-596, best cost 293.046 + 21635.6 = 21928.7 over 254 frames.
4-596 five nine six 
LOG (lattice-best-path[5.5]:main():lattice-best-path.cc:99) For utterance 4-841, best cost 273.003 + 21215.1 = 21488.1 over 263 frames.
4-841 eight four one 
LOG (lattice-best-path[5.5]:main():lattice-best-path.cc:99) For utterance 4-984, best cost 277.348 + 21049.5 = 21326.9 over 249 frames.
4-984 nine eight four 
LOG (lattice-best-path[5.5]:main():lattice-best-path.cc:99) For utterance 5-105, best cost 326.093 + 26616.2 = 26942.3 over 310 frames.
5-105 one zero five 
LOG (lattice-best-path[5.5]:main():lattice-best-path.cc:99) For utterance 5-236, best cost 316.069 + 26285.1 = 26601.2 over 306 frames.
5-236 two three six 
LOG (lattice-best-path[5.5]:main():lattice-best-path.cc:99) For utterance 5-415, best cost 274.566 + 18832.2 = 19106.8 over 230 frames.
5-415 four one five 
LOG (lattice-best-path[5.5]:main():lattice-best-path.cc:99) For utterance 5-419, best cost 283.848 + 27600.6 = 27884.5 over 327 frames.
5-419 four one nine 
LOG (lattice-best-path[5.5]:main():lattice-best-path.cc:99) For utterance 5-742, best cost 279.077 + 22229 = 22508.1 over 268 frames.
5-742 seven four two 
LOG (lattice-best-path[5.5]:main():lattice-best-path.cc:99) For utterance 5-986, best cost 323.463 + 26779.1 = 27102.6 over 307 frames.
5-986 nine eight six 
LOG (lattice-best-path[5.5]:main():lattice-best-path.cc:99) For utterance 6-032, best cost 393.823 + 29910.8 = 30304.6 over 311 frames.
6-032 zero three two 
LOG (lattice-best-path[5.5]:main():lattice-best-path.cc:99) For utterance 6-123, best cost 422.52 + 27719.5 = 28142.1 over 276 frames.
6-123 nine two three eight eight 
LOG (lattice-best-path[5.5]:main():lattice-best-path.cc:99) For utterance 6-230, best cost 322.326 + 24548.4 = 24870.8 over 274 frames.
6-230 two three zero 
LOG (lattice-best-path[5.5]:main():lattice-best-path.cc:99) For utterance 6-234, best cost 305.389 + 26846.5 = 27151.8 over 289 frames.
6-234 two three four 
LOG (lattice-best-path[5.5]:main():lattice-best-path.cc:99) For utterance 6-450, best cost 329.945 + 29135.8 = 29465.7 over 297 frames.
6-450 four five zero 
LOG (lattice-best-path[5.5]:main():lattice-best-path.cc:99) For utterance 6-560, best cost 408.274 + 32554.8 = 32963 over 323 frames.
6-560 five six six 
LOG (lattice-best-path[5.5]:main():lattice-best-path.cc:99) For utterance 7-011, best cost 314.22 + 23865.9 = 24180.1 over 282 frames.
7-011 zero one one 
LOG (lattice-best-path[5.5]:main():lattice-best-path.cc:99) For utterance 7-230, best cost 352.597 + 28260.7 = 28613.3 over 284 frames.
7-230 two three zero 
LOG (lattice-best-path[5.5]:main():lattice-best-path.cc:99) For utterance 7-567, best cost 302.843 + 24612.8 = 24915.6 over 253 frames.
7-567 five six seven 
LOG (lattice-best-path[5.5]:main():lattice-best-path.cc:99) For utterance 7-678, best cost 288.047 + 24466.7 = 24754.8 over 249 frames.
7-678 six seven eight 
LOG (lattice-best-path[5.5]:main():lattice-best-path.cc:99) For utterance 7-748, best cost 400.449 + 25279 = 25679.4 over 240 frames.
7-748 seven three eight 
LOG (lattice-best-path[5.5]:main():lattice-best-path.cc:99) For utterance 7-951, best cost 324.891 + 24818.1 = 25143 over 257 frames.
7-951 nine five one 
LOG (lattice-best-path[5.5]:main():lattice-best-path.cc:99) For utterance 8-122, best cost 254.767 + 21432.1 = 21686.9 over 248 frames.
8-122 one two two 
LOG (lattice-best-path[5.5]:main():lattice-best-path.cc:99) For utterance 8-221, best cost 255.293 + 21558.6 = 21813.9 over 258 frames.
8-221 two two one 
LOG (lattice-best-path[5.5]:main():lattice-best-path.cc:99) For utterance 8-235, best cost 277.997 + 22896.5 = 23174.5 over 261 frames.
8-235 two three five 
LOG (lattice-best-path[5.5]:main():lattice-best-path.cc:99) For utterance 8-348, best cost 289.057 + 26502.6 = 26791.7 over 306 frames.
8-348 three four eight 
LOG (lattice-best-path[5.5]:main():lattice-best-path.cc:99) For utterance 8-524, best cost 269.713 + 21155.4 = 21425.1 over 248 frames.
8-524 five two four 
LOG (lattice-best-path[5.5]:main():lattice-best-path.cc:99) For utterance 8-808, best cost 286.699 + 24706.5 = 24993.2 over 273 frames.
8-808 eight zero eight 
LOG (lattice-best-path[5.5]:main():lattice-best-path.cc:124) Overall cost per frame is 88.5403 = 1.17561 [graph] + 87.3646 [acoustic] over 12493 frames.
LOG (lattice-best-path[5.5]:main():lattice-best-path.cc:128) Done 48 lattices, failed for 0
# Accounting: time=0 threads=1
# Ended (code 0) at Tue Jan 22 04:27:07 EST 2019, elapsed time 0 seconds
