# build-tree --verbose=1 --max-leaves=2000 --cluster-thresh=-1 exp/tri1/treeacc data/lang/phones/roots.int exp/tri1/questions.qst data/lang/topo exp/tri1/tree 
# Started at Tue Jan 22 04:27:08 EST 2019
#
build-tree --verbose=1 --max-leaves=2000 --cluster-thresh=-1 exp/tri1/treeacc data/lang/phones/roots.int exp/tri1/questions.qst data/lang/topo exp/tri1/tree 
LOG (build-tree[5.5]:main():build-tree.cc:104) Number of separate statistics is 176
LOG (build-tree[5.5]:BuildTree():build-tree.cc:161) BuildTree: before building trees, map has 22 leaves.
LOG (build-tree[5.5]:SplitDecisionTree():build-tree-utils.cc:577) DoDecisionTreeSplit: split 70 times, #leaves now 92
LOG (build-tree[5.5]:BuildTree():build-tree.cc:187) Setting clustering threshold to smallest split 302.326
VLOG[1] (build-tree[5.5]:BuildTree():build-tree.cc:196) After decision tree split, num-leaves = 92, like-impr = 5.4612 per frame over 20772 frames.
VLOG[1] (build-tree[5.5]:BuildTree():build-tree.cc:200) Including just phones that were split, improvement is 5.4612 per frame over 20772 frames.
LOG (build-tree[5.5]:BuildTree():build-tree.cc:215) BuildTree: removed 4 leaves.
VLOG[1] (build-tree[5.5]:ClusterEventMapToNClustersRestrictedByMap():build-tree-utils.cc:916) Number of non-empty clusters in map = 21
VLOG[1] (build-tree[5.5]:ClusterEventMapToNClustersRestrictedByMap():build-tree-utils.cc:917) Number of non-empty clusters = 87
VLOG[1] (build-tree[5.5]:BuildTree():build-tree.cc:256) Objf change due to clustering -0.0493934 per frame.
VLOG[1] (build-tree[5.5]:BuildTree():build-tree.cc:259) Normalizing over only split phones, this is: -0.0493934 per frame.
VLOG[1] (build-tree[5.5]:BuildTree():build-tree.cc:262) Num-leaves is now 88
VLOG[1] (build-tree[5.5]:main():build-tree.cc:143) For pdf-id 1, low count 0
VLOG[1] (build-tree[5.5]:main():build-tree.cc:143) For pdf-id 2, low count 74
VLOG[1] (build-tree[5.5]:main():build-tree.cc:143) For pdf-id 4, low count 36
VLOG[1] (build-tree[5.5]:main():build-tree.cc:143) For pdf-id 5, low count 48
VLOG[1] (build-tree[5.5]:main():build-tree.cc:143) For pdf-id 7, low count 85
VLOG[1] (build-tree[5.5]:main():build-tree.cc:143) For pdf-id 8, low count 22
VLOG[1] (build-tree[5.5]:main():build-tree.cc:143) For pdf-id 9, low count 86
VLOG[1] (build-tree[5.5]:main():build-tree.cc:143) For pdf-id 11, low count 71
VLOG[1] (build-tree[5.5]:main():build-tree.cc:143) For pdf-id 20, low count 40
VLOG[1] (build-tree[5.5]:main():build-tree.cc:143) For pdf-id 26, low count 73
VLOG[1] (build-tree[5.5]:main():build-tree.cc:143) For pdf-id 28, low count 64
VLOG[1] (build-tree[5.5]:main():build-tree.cc:143) For pdf-id 30, low count 66
VLOG[1] (build-tree[5.5]:main():build-tree.cc:143) For pdf-id 33, low count 91
VLOG[1] (build-tree[5.5]:main():build-tree.cc:143) For pdf-id 43, low count 97
VLOG[1] (build-tree[5.5]:main():build-tree.cc:143) For pdf-id 47, low count 58
VLOG[1] (build-tree[5.5]:main():build-tree.cc:143) For pdf-id 49, low count 61
VLOG[1] (build-tree[5.5]:main():build-tree.cc:143) For pdf-id 50, low count 88
VLOG[1] (build-tree[5.5]:main():build-tree.cc:143) For pdf-id 61, low count 50
VLOG[1] (build-tree[5.5]:main():build-tree.cc:143) For pdf-id 70, low count 59
VLOG[1] (build-tree[5.5]:main():build-tree.cc:143) For pdf-id 72, low count 70
VLOG[1] (build-tree[5.5]:main():build-tree.cc:143) For pdf-id 73, low count 51
VLOG[1] (build-tree[5.5]:main():build-tree.cc:143) For pdf-id 74, low count 68
VLOG[1] (build-tree[5.5]:main():build-tree.cc:143) For pdf-id 75, low count 73
VLOG[1] (build-tree[5.5]:main():build-tree.cc:143) For pdf-id 76, low count 61
VLOG[1] (build-tree[5.5]:main():build-tree.cc:143) For pdf-id 78, low count 87
VLOG[1] (build-tree[5.5]:main():build-tree.cc:143) For pdf-id 82, low count 75
VLOG[1] (build-tree[5.5]:main():build-tree.cc:143) For pdf-id 83, low count 62
VLOG[1] (build-tree[5.5]:main():build-tree.cc:143) For pdf-id 85, low count 52
VLOG[1] (build-tree[5.5]:main():build-tree.cc:143) For pdf-id 86, low count 71
VLOG[1] (build-tree[5.5]:main():build-tree.cc:143) For pdf-id 87, low count 67
WARNING (build-tree[5.5]:main():build-tree.cc:185) Saw no stats for following phones: 2 3 4 5 6 7 8 9 10 11 12 14 15 16 18 19 20 22 23 24 26 28 29 30 32 33 34 36 37 38 39 40 42 43 45 46 47 48 50 53 54 55 57 58 59 62 65 66 69 70 72 73 74 75 77 78 80 82 83 86 88 89 90 
LOG (build-tree[5.5]:main():build-tree.cc:189) Wrote tree
# Accounting: time=0 threads=1
# Ended (code 0) at Tue Jan 22 04:27:08 EST 2019, elapsed time 0 seconds
