# gmm-init-model --write-occs=exp/tri1/1.occs exp/tri1/tree exp/tri1/treeacc data/lang/topo exp/tri1/1.mdl 
# Started at Tue Jan 22 04:27:08 EST 2019
#
gmm-init-model --write-occs=exp/tri1/1.occs exp/tri1/tree exp/tri1/treeacc data/lang/topo exp/tri1/1.mdl 
LOG (gmm-init-model[5.5]:main():gmm-init-model.cc:271) Number of separate statistics is 176
WARNING (gmm-init-model[5.5]:InitAmGmm():gmm-init-model.cc:55) Tree has pdf-id 1 with no stats; corresponding phone list: 6 7 8 9 10 
WARNING (gmm-init-model[5.5]:InitAmGmm():gmm-init-model.cc:83) Very small count for state 2: 74; corresponding phone list: 11 12 13 14 
WARNING (gmm-init-model[5.5]:InitAmGmm():gmm-init-model.cc:83) Very small count for state 4: 36; corresponding phone list: 19 20 21 22 
WARNING (gmm-init-model[5.5]:InitAmGmm():gmm-init-model.cc:83) Very small count for state 5: 48; corresponding phone list: 23 24 25 26 
WARNING (gmm-init-model[5.5]:InitAmGmm():gmm-init-model.cc:83) Very small count for state 7: 85; corresponding phone list: 31 32 33 34 
WARNING (gmm-init-model[5.5]:InitAmGmm():gmm-init-model.cc:83) Very small count for state 8: 22; corresponding phone list: 35 36 37 38 
WARNING (gmm-init-model[5.5]:InitAmGmm():gmm-init-model.cc:83) Very small count for state 9: 86; corresponding phone list: 39 40 41 42 
WARNING (gmm-init-model[5.5]:InitAmGmm():gmm-init-model.cc:83) Very small count for state 11: 71; corresponding phone list: 47 48 49 50 
WARNING (gmm-init-model[5.5]:InitAmGmm():gmm-init-model.cc:83) Very small count for state 20: 40; corresponding phone list: 83 84 85 86 
WARNING (gmm-init-model[5.5]:InitAmGmm():gmm-init-model.cc:83) Very small count for state 26: 73; corresponding phone list: 87 88 89 90 
WARNING (gmm-init-model[5.5]:InitAmGmm():gmm-init-model.cc:83) Very small count for state 28: 64; corresponding phone list: 39 40 41 42 
WARNING (gmm-init-model[5.5]:InitAmGmm():gmm-init-model.cc:83) Very small count for state 30: 66; corresponding phone list: 59 60 61 62 
WARNING (gmm-init-model[5.5]:InitAmGmm():gmm-init-model.cc:83) Very small count for state 33: 91; corresponding phone list: 67 68 69 70 
WARNING (gmm-init-model[5.5]:InitAmGmm():gmm-init-model.cc:83) Very small count for state 43: 97; corresponding phone list: 11 12 13 14 
WARNING (gmm-init-model[5.5]:InitAmGmm():gmm-init-model.cc:83) Very small count for state 47: 58; corresponding phone list: 39 40 41 42 
WARNING (gmm-init-model[5.5]:InitAmGmm():gmm-init-model.cc:83) Very small count for state 49: 61; corresponding phone list: 83 84 85 86 
WARNING (gmm-init-model[5.5]:InitAmGmm():gmm-init-model.cc:83) Very small count for state 50: 88; corresponding phone list: 23 24 25 26 
WARNING (gmm-init-model[5.5]:InitAmGmm():gmm-init-model.cc:83) Very small count for state 61: 50; corresponding phone list: 31 32 33 34 
WARNING (gmm-init-model[5.5]:InitAmGmm():gmm-init-model.cc:83) Very small count for state 70: 59; corresponding phone list: 67 68 69 70 
WARNING (gmm-init-model[5.5]:InitAmGmm():gmm-init-model.cc:83) Very small count for state 72: 70; corresponding phone list: 31 32 33 34 
WARNING (gmm-init-model[5.5]:InitAmGmm():gmm-init-model.cc:83) Very small count for state 73: 51; corresponding phone list: 19 20 21 22 
WARNING (gmm-init-model[5.5]:InitAmGmm():gmm-init-model.cc:83) Very small count for state 74: 68; corresponding phone list: 83 84 85 86 
WARNING (gmm-init-model[5.5]:InitAmGmm():gmm-init-model.cc:83) Very small count for state 75: 73; corresponding phone list: 87 88 89 90 
WARNING (gmm-init-model[5.5]:InitAmGmm():gmm-init-model.cc:83) Very small count for state 76: 61; corresponding phone list: 59 60 61 62 
WARNING (gmm-init-model[5.5]:InitAmGmm():gmm-init-model.cc:83) Very small count for state 78: 87; corresponding phone list: 31 32 33 34 
WARNING (gmm-init-model[5.5]:InitAmGmm():gmm-init-model.cc:83) Very small count for state 82: 75; corresponding phone list: 23 24 25 26 
WARNING (gmm-init-model[5.5]:InitAmGmm():gmm-init-model.cc:83) Very small count for state 83: 62; corresponding phone list: 11 12 13 14 
WARNING (gmm-init-model[5.5]:InitAmGmm():gmm-init-model.cc:83) Very small count for state 85: 52; corresponding phone list: 27 28 29 30 
WARNING (gmm-init-model[5.5]:InitAmGmm():gmm-init-model.cc:83) Very small count for state 86: 71; corresponding phone list: 67 68 69 70 
WARNING (gmm-init-model[5.5]:InitAmGmm():gmm-init-model.cc:83) Very small count for state 87: 67; corresponding phone list: 39 40 41 42 
LOG (gmm-init-model[5.5]:main():gmm-init-model.cc:306) Wrote model.
# Accounting: time=0 threads=1
# Ended (code 0) at Tue Jan 22 04:27:08 EST 2019, elapsed time 0 seconds
