# gmm-est --mix-up=2360 --power=0.25 --write-occs=exp/tri1/3.occs exp/tri1/2.mdl "gmm-sum-accs - exp/tri1/2.*.acc |" exp/tri1/3.mdl 
# Started at Tue Jan 22 04:27:09 EST 2019
#
gmm-est --mix-up=2360 --power=0.25 --write-occs=exp/tri1/3.occs exp/tri1/2.mdl 'gmm-sum-accs - exp/tri1/2.*.acc |' exp/tri1/3.mdl 
gmm-sum-accs - exp/tri1/2.1.acc 
LOG (gmm-sum-accs[5.5]:main():gmm-sum-accs.cc:63) Summed 1 stats, total count 20772, avg like/frame -90.8606
LOG (gmm-sum-accs[5.5]:main():gmm-sum-accs.cc:66) Total count of stats is 20772
LOG (gmm-sum-accs[5.5]:main():gmm-sum-accs.cc:67) Written stats to -
LOG (gmm-est[5.5]:MleUpdate():transition-model.cc:528) TransitionModel::Update, objf change is 0 per frame over 20772 frames. 
LOG (gmm-est[5.5]:MleUpdate():transition-model.cc:531) 8 probabilities floored, 314 out of 414 transition-states skipped due to insuffient data (it is normal to have some skipped.)
LOG (gmm-est[5.5]:main():gmm-est.cc:102) Transition model update: Overall 0 log-like improvement per frame over 20772 frames.
WARNING (gmm-est[5.5]:MleDiagGmmUpdate():mle-diag-gmm.cc:365) Gaussian has too little data but not removing it because it is the last Gaussian: i = 0, occ = 0, weight = 1
WARNING (gmm-est[5.5]:MleDiagGmmUpdate():mle-diag-gmm.cc:359) Too little data - removing Gaussian (weight 0.035861, occupation count 7.100538, vector size 39)
WARNING (gmm-est[5.5]:MleDiagGmmUpdate():mle-diag-gmm.cc:359) Too little data - removing Gaussian (weight 0.039838, occupation count 7.887847, vector size 39)
LOG (gmm-est[5.5]:MleAmDiagGmmUpdate():mle-am-diag-gmm.cc:225) 0 variance elements floored in 0 Gaussians, out of 994
LOG (gmm-est[5.5]:MleAmDiagGmmUpdate():mle-am-diag-gmm.cc:229) Removed 2 Gaussians due to counts < --min-gaussian-occupancy=10 and --remove-low-count-gaussians=true
LOG (gmm-est[5.5]:main():gmm-est.cc:113) GMM update: Overall 0.582382 objective function improvement per frame over 20772 frames
LOG (gmm-est[5.5]:main():gmm-est.cc:116) GMM update: Overall avg like per frame = -90.8606 over 20772 frames.
WARNING (gmm-est[5.5]:GetSplitTargets():model-common.cc:134) Could not split up to 2360 due to min-count = 20 (or no counts at all)
LOG (gmm-est[5.5]:SplitByCount():am-diag-gmm.cc:116) Split 88 states with target = 2360, power = 0.25, perturb_factor = 0.01 and min_count = 20, split #Gauss from 994 to 996
LOG (gmm-est[5.5]:main():gmm-est.cc:146) Written model to exp/tri1/3.mdl
# Accounting: time=0 threads=1
# Ended (code 0) at Tue Jan 22 04:27:09 EST 2019, elapsed time 0 seconds
