# gmm-est --mix-up=2720 --power=0.25 --write-occs=exp/tri1/4.occs exp/tri1/3.mdl "gmm-sum-accs - exp/tri1/3.*.acc |" exp/tri1/4.mdl 
# Started at Tue Jan 22 04:27:09 EST 2019
#
gmm-est --mix-up=2720 --power=0.25 --write-occs=exp/tri1/4.occs exp/tri1/3.mdl 'gmm-sum-accs - exp/tri1/3.*.acc |' exp/tri1/4.mdl 
gmm-sum-accs - exp/tri1/3.1.acc 
LOG (gmm-sum-accs[5.5]:main():gmm-sum-accs.cc:63) Summed 1 stats, total count 20772, avg like/frame -89.0291
LOG (gmm-sum-accs[5.5]:main():gmm-sum-accs.cc:66) Total count of stats is 20772
LOG (gmm-sum-accs[5.5]:main():gmm-sum-accs.cc:67) Written stats to -
LOG (gmm-est[5.5]:MleUpdate():transition-model.cc:528) TransitionModel::Update, objf change is 0 per frame over 20772 frames. 
LOG (gmm-est[5.5]:MleUpdate():transition-model.cc:531) 8 probabilities floored, 314 out of 414 transition-states skipped due to insuffient data (it is normal to have some skipped.)
LOG (gmm-est[5.5]:main():gmm-est.cc:102) Transition model update: Overall 0 log-like improvement per frame over 20772 frames.
WARNING (gmm-est[5.5]:MleDiagGmmUpdate():mle-diag-gmm.cc:365) Gaussian has too little data but not removing it because it is the last Gaussian: i = 0, occ = 0, weight = 1
WARNING (gmm-est[5.5]:MleDiagGmmUpdate():mle-diag-gmm.cc:359) Too little data - removing Gaussian (weight 0.053336, occupation count 9.227170, vector size 39)
WARNING (gmm-est[5.5]:MleDiagGmmUpdate():mle-diag-gmm.cc:359) Too little data - removing Gaussian (weight 0.056816, occupation count 9.829176, vector size 39)
WARNING (gmm-est[5.5]:MleDiagGmmUpdate():mle-diag-gmm.cc:359) Too little data - removing Gaussian (weight 0.018983, occupation count 3.284007, vector size 39)
WARNING (gmm-est[5.5]:MleDiagGmmUpdate():mle-diag-gmm.cc:359) Too little data - removing Gaussian (weight 0.056247, occupation count 9.224577, vector size 39)
WARNING (gmm-est[5.5]:MleDiagGmmUpdate():mle-diag-gmm.cc:359) Too little data - removing Gaussian (weight 0.028356, occupation count 4.650375, vector size 39)
WARNING (gmm-est[5.5]:MleDiagGmmUpdate():mle-diag-gmm.cc:359) Too little data - removing Gaussian (weight 0.088524, occupation count 7.524553, vector size 39)
WARNING (gmm-est[5.5]:MleDiagGmmUpdate():mle-diag-gmm.cc:359) Too little data - removing Gaussian (weight 0.080120, occupation count 6.890306, vector size 39)
WARNING (gmm-est[5.5]:MleDiagGmmUpdate():mle-diag-gmm.cc:359) Too little data - removing Gaussian (weight 0.044498, occupation count 9.433670, vector size 39)
WARNING (gmm-est[5.5]:MleDiagGmmUpdate():mle-diag-gmm.cc:359) Too little data - removing Gaussian (weight 0.031981, occupation count 6.779983, vector size 39)
WARNING (gmm-est[5.5]:MleDiagGmmUpdate():mle-diag-gmm.cc:359) Too little data - removing Gaussian (weight 0.009362, occupation count 3.903931, vector size 39)
WARNING (gmm-est[5.5]:MleDiagGmmUpdate():mle-diag-gmm.cc:359) Too little data - removing Gaussian (weight 0.013992, occupation count 5.834457, vector size 39)
WARNING (gmm-est[5.5]:MleDiagGmmUpdate():mle-diag-gmm.cc:359) Too little data - removing Gaussian (weight 0.018506, occupation count 7.717103, vector size 39)
WARNING (gmm-est[5.5]:MleDiagGmmUpdate():mle-diag-gmm.cc:359) Too little data - removing Gaussian (weight 0.014233, occupation count 5.935187, vector size 39)
WARNING (gmm-est[5.5]:MleDiagGmmUpdate():mle-diag-gmm.cc:359) Too little data - removing Gaussian (weight 0.016969, occupation count 7.075928, vector size 39)
WARNING (gmm-est[5.5]:MleDiagGmmUpdate():mle-diag-gmm.cc:359) Too little data - removing Gaussian (weight 0.014520, occupation count 6.054796, vector size 39)
WARNING (gmm-est[5.5]:MleDiagGmmUpdate():mle-diag-gmm.cc:359) Too little data - removing Gaussian (weight 0.014154, occupation count 5.902295, vector size 39)
WARNING (gmm-est[5.5]:MleDiagGmmUpdate():mle-diag-gmm.cc:359) Too little data - removing Gaussian (weight 0.017157, occupation count 7.154552, vector size 39)
WARNING (gmm-est[5.5]:MleDiagGmmUpdate():mle-diag-gmm.cc:359) Too little data - removing Gaussian (weight 0.029830, occupation count 3.639307, vector size 39)
WARNING (gmm-est[5.5]:MleDiagGmmUpdate():mle-diag-gmm.cc:359) Too little data - removing Gaussian (weight 0.042941, occupation count 8.845835, vector size 39)
WARNING (gmm-est[5.5]:MleDiagGmmUpdate():mle-diag-gmm.cc:359) Too little data - removing Gaussian (weight 0.058569, occupation count 9.781028, vector size 39)
WARNING (gmm-est[5.5]:MleDiagGmmUpdate():mle-diag-gmm.cc:359) Too little data - removing Gaussian (weight 0.020801, occupation count 3.473757, vector size 39)
WARNING (gmm-est[5.5]:MleDiagGmmUpdate():mle-diag-gmm.cc:359) Too little data - removing Gaussian (weight 0.019856, occupation count 3.316021, vector size 39)
WARNING (gmm-est[5.5]:MleDiagGmmUpdate():mle-diag-gmm.cc:359) Too little data - removing Gaussian (weight 0.050733, occupation count 9.639225, vector size 39)
WARNING (gmm-est[5.5]:MleDiagGmmUpdate():mle-diag-gmm.cc:359) Too little data - removing Gaussian (weight 0.027489, occupation count 9.401189, vector size 39)
WARNING (gmm-est[5.5]:MleDiagGmmUpdate():mle-diag-gmm.cc:359) Too little data - removing Gaussian (weight 0.029219, occupation count 9.993029, vector size 39)
WARNING (gmm-est[5.5]:MleDiagGmmUpdate():mle-diag-gmm.cc:359) Too little data - removing Gaussian (weight 0.026568, occupation count 9.086371, vector size 39)
WARNING (gmm-est[5.5]:MleDiagGmmUpdate():mle-diag-gmm.cc:359) Too little data - removing Gaussian (weight 0.025396, occupation count 8.685473, vector size 39)
WARNING (gmm-est[5.5]:MleDiagGmmUpdate():mle-diag-gmm.cc:359) Too little data - removing Gaussian (weight 0.016462, occupation count 5.712174, vector size 39)
WARNING (gmm-est[5.5]:MleDiagGmmUpdate():mle-diag-gmm.cc:359) Too little data - removing Gaussian (weight 0.020143, occupation count 6.989662, vector size 39)
WARNING (gmm-est[5.5]:MleDiagGmmUpdate():mle-diag-gmm.cc:359) Too little data - removing Gaussian (weight 0.019816, occupation count 6.876147, vector size 39)
WARNING (gmm-est[5.5]:MleDiagGmmUpdate():mle-diag-gmm.cc:359) Too little data - removing Gaussian (weight 0.016154, occupation count 5.363037, vector size 39)
WARNING (gmm-est[5.5]:MleDiagGmmUpdate():mle-diag-gmm.cc:359) Too little data - removing Gaussian (weight 0.019604, occupation count 6.508560, vector size 39)
WARNING (gmm-est[5.5]:MleDiagGmmUpdate():mle-diag-gmm.cc:359) Too little data - removing Gaussian (weight 0.016538, occupation count 5.490722, vector size 39)
WARNING (gmm-est[5.5]:MleDiagGmmUpdate():mle-diag-gmm.cc:359) Too little data - removing Gaussian (weight 0.009770, occupation count 3.243708, vector size 39)
WARNING (gmm-est[5.5]:MleDiagGmmUpdate():mle-diag-gmm.cc:359) Too little data - removing Gaussian (weight 0.017417, occupation count 5.782286, vector size 39)
WARNING (gmm-est[5.5]:MleDiagGmmUpdate():mle-diag-gmm.cc:359) Too little data - removing Gaussian (weight 0.022882, occupation count 7.596724, vector size 39)
WARNING (gmm-est[5.5]:MleDiagGmmUpdate():mle-diag-gmm.cc:359) Too little data - removing Gaussian (weight 0.066029, occupation count 9.046021, vector size 39)
WARNING (gmm-est[5.5]:MleDiagGmmUpdate():mle-diag-gmm.cc:359) Too little data - removing Gaussian (weight 0.063710, occupation count 8.728317, vector size 39)
WARNING (gmm-est[5.5]:MleDiagGmmUpdate():mle-diag-gmm.cc:359) Too little data - removing Gaussian (weight 0.002920, occupation count 1.188510, vector size 39)
WARNING (gmm-est[5.5]:MleDiagGmmUpdate():mle-diag-gmm.cc:359) Too little data - removing Gaussian (weight 0.010642, occupation count 4.331163, vector size 39)
WARNING (gmm-est[5.5]:MleDiagGmmUpdate():mle-diag-gmm.cc:359) Too little data - removing Gaussian (weight 0.021573, occupation count 8.780362, vector size 39)
WARNING (gmm-est[5.5]:MleDiagGmmUpdate():mle-diag-gmm.cc:359) Too little data - removing Gaussian (weight 0.008650, occupation count 3.520628, vector size 39)
WARNING (gmm-est[5.5]:MleDiagGmmUpdate():mle-diag-gmm.cc:359) Too little data - removing Gaussian (weight 0.014342, occupation count 5.837239, vector size 39)
WARNING (gmm-est[5.5]:MleDiagGmmUpdate():mle-diag-gmm.cc:359) Too little data - removing Gaussian (weight 0.009122, occupation count 3.712583, vector size 39)
WARNING (gmm-est[5.5]:MleDiagGmmUpdate():mle-diag-gmm.cc:359) Too little data - removing Gaussian (weight 0.005567, occupation count 2.265739, vector size 39)
WARNING (gmm-est[5.5]:MleDiagGmmUpdate():mle-diag-gmm.cc:359) Too little data - removing Gaussian (weight 0.006318, occupation count 2.571268, vector size 39)
WARNING (gmm-est[5.5]:MleDiagGmmUpdate():mle-diag-gmm.cc:359) Too little data - removing Gaussian (weight 0.008103, occupation count 3.297807, vector size 39)
WARNING (gmm-est[5.5]:MleDiagGmmUpdate():mle-diag-gmm.cc:359) Too little data - removing Gaussian (weight 0.002187, occupation count 0.890129, vector size 39)
WARNING (gmm-est[5.5]:MleDiagGmmUpdate():mle-diag-gmm.cc:359) Too little data - removing Gaussian (weight 0.023921, occupation count 9.735728, vector size 39)
WARNING (gmm-est[5.5]:MleDiagGmmUpdate():mle-diag-gmm.cc:359) Too little data - removing Gaussian (weight 0.006620, occupation count 2.694140, vector size 39)
WARNING (gmm-est[5.5]:MleDiagGmmUpdate():mle-diag-gmm.cc:359) Too little data - removing Gaussian (weight 0.026381, occupation count 9.602731, vector size 39)
WARNING (gmm-est[5.5]:MleDiagGmmUpdate():mle-diag-gmm.cc:359) Too little data - removing Gaussian (weight 0.026533, occupation count 9.658129, vector size 39)
WARNING (gmm-est[5.5]:MleDiagGmmUpdate():mle-diag-gmm.cc:359) Too little data - removing Gaussian (weight 0.048561, occupation count 7.429843, vector size 39)
WARNING (gmm-est[5.5]:MleDiagGmmUpdate():mle-diag-gmm.cc:359) Too little data - removing Gaussian (weight 0.024491, occupation count 4.849244, vector size 39)
WARNING (gmm-est[5.5]:MleDiagGmmUpdate():mle-diag-gmm.cc:359) Too little data - removing Gaussian (weight 0.038617, occupation count 7.646107, vector size 39)
WARNING (gmm-est[5.5]:MleDiagGmmUpdate():mle-diag-gmm.cc:359) Too little data - removing Gaussian (weight 0.032085, occupation count 8.630912, vector size 39)
WARNING (gmm-est[5.5]:MleDiagGmmUpdate():mle-diag-gmm.cc:359) Too little data - removing Gaussian (weight 0.030012, occupation count 7.743032, vector size 39)
WARNING (gmm-est[5.5]:MleDiagGmmUpdate():mle-diag-gmm.cc:359) Too little data - removing Gaussian (weight 0.080549, occupation count 7.813267, vector size 39)
WARNING (gmm-est[5.5]:MleDiagGmmUpdate():mle-diag-gmm.cc:359) Too little data - removing Gaussian (weight 0.057466, occupation count 7.642994, vector size 39)
WARNING (gmm-est[5.5]:MleDiagGmmUpdate():mle-diag-gmm.cc:359) Too little data - removing Gaussian (weight 0.030130, occupation count 4.007320, vector size 39)
WARNING (gmm-est[5.5]:MleDiagGmmUpdate():mle-diag-gmm.cc:359) Too little data - removing Gaussian (weight 0.025621, occupation count 4.099281, vector size 39)
WARNING (gmm-est[5.5]:MleDiagGmmUpdate():mle-diag-gmm.cc:359) Too little data - removing Gaussian (weight 0.056423, occupation count 9.027608, vector size 39)
WARNING (gmm-est[5.5]:MleDiagGmmUpdate():mle-diag-gmm.cc:359) Too little data - removing Gaussian (weight 0.037887, occupation count 6.061851, vector size 39)
WARNING (gmm-est[5.5]:MleDiagGmmUpdate():mle-diag-gmm.cc:359) Too little data - removing Gaussian (weight 0.020011, occupation count 3.962151, vector size 39)
WARNING (gmm-est[5.5]:MleDiagGmmUpdate():mle-diag-gmm.cc:359) Too little data - removing Gaussian (weight 0.008629, occupation count 6.635386, vector size 39)
WARNING (gmm-est[5.5]:MleDiagGmmUpdate():mle-diag-gmm.cc:359) Too little data - removing Gaussian (weight 0.012560, occupation count 9.658710, vector size 39)
WARNING (gmm-est[5.5]:MleDiagGmmUpdate():mle-diag-gmm.cc:359) Too little data - removing Gaussian (weight 0.010774, occupation count 8.285558, vector size 39)
WARNING (gmm-est[5.5]:MleDiagGmmUpdate():mle-diag-gmm.cc:359) Too little data - removing Gaussian (weight 0.012773, occupation count 9.822061, vector size 39)
WARNING (gmm-est[5.5]:MleDiagGmmUpdate():mle-diag-gmm.cc:359) Too little data - removing Gaussian (weight 0.009622, occupation count 7.399184, vector size 39)
WARNING (gmm-est[5.5]:MleDiagGmmUpdate():mle-diag-gmm.cc:359) Too little data - removing Gaussian (weight 0.010117, occupation count 7.780230, vector size 39)
WARNING (gmm-est[5.5]:MleDiagGmmUpdate():mle-diag-gmm.cc:359) Too little data - removing Gaussian (weight 0.010009, occupation count 7.696693, vector size 39)
WARNING (gmm-est[5.5]:MleDiagGmmUpdate():mle-diag-gmm.cc:359) Too little data - removing Gaussian (weight 0.009869, occupation count 7.589463, vector size 39)
WARNING (gmm-est[5.5]:MleDiagGmmUpdate():mle-diag-gmm.cc:359) Too little data - removing Gaussian (weight 0.034765, occupation count 9.351674, vector size 39)
WARNING (gmm-est[5.5]:MleDiagGmmUpdate():mle-diag-gmm.cc:359) Too little data - removing Gaussian (weight 0.034592, occupation count 9.305355, vector size 39)
WARNING (gmm-est[5.5]:MleDiagGmmUpdate():mle-diag-gmm.cc:359) Too little data - removing Gaussian (weight 0.072933, occupation count 9.189569, vector size 39)
WARNING (gmm-est[5.5]:MleDiagGmmUpdate():mle-diag-gmm.cc:359) Too little data - removing Gaussian (weight 0.044653, occupation count 9.511118, vector size 39)
WARNING (gmm-est[5.5]:MleDiagGmmUpdate():mle-diag-gmm.cc:359) Too little data - removing Gaussian (weight 0.022252, occupation count 4.739664, vector size 39)
WARNING (gmm-est[5.5]:MleDiagGmmUpdate():mle-diag-gmm.cc:359) Too little data - removing Gaussian (weight 0.008981, occupation count 1.912861, vector size 39)
WARNING (gmm-est[5.5]:MleDiagGmmUpdate():mle-diag-gmm.cc:359) Too little data - removing Gaussian (weight 0.043025, occupation count 9.594580, vector size 39)
WARNING (gmm-est[5.5]:MleDiagGmmUpdate():mle-diag-gmm.cc:359) Too little data - removing Gaussian (weight 0.043331, occupation count 9.662878, vector size 39)
WARNING (gmm-est[5.5]:MleDiagGmmUpdate():mle-diag-gmm.cc:359) Too little data - removing Gaussian (weight 0.025229, occupation count 5.625992, vector size 39)
WARNING (gmm-est[5.5]:MleDiagGmmUpdate():mle-diag-gmm.cc:359) Too little data - removing Gaussian (weight 0.090174, occupation count 9.738815, vector size 39)
WARNING (gmm-est[5.5]:MleDiagGmmUpdate():mle-diag-gmm.cc:359) Too little data - removing Gaussian (weight 0.027866, occupation count 6.910789, vector size 39)
WARNING (gmm-est[5.5]:MleDiagGmmUpdate():mle-diag-gmm.cc:359) Too little data - removing Gaussian (weight 0.030427, occupation count 7.545979, vector size 39)
WARNING (gmm-est[5.5]:MleDiagGmmUpdate():mle-diag-gmm.cc:359) Too little data - removing Gaussian (weight 0.037862, occupation count 9.389790, vector size 39)
WARNING (gmm-est[5.5]:MleDiagGmmUpdate():mle-diag-gmm.cc:359) Too little data - removing Gaussian (weight 0.013459, occupation count 3.337753, vector size 39)
WARNING (gmm-est[5.5]:MleDiagGmmUpdate():mle-diag-gmm.cc:359) Too little data - removing Gaussian (weight 0.020150, occupation count 4.997191, vector size 39)
WARNING (gmm-est[5.5]:MleDiagGmmUpdate():mle-diag-gmm.cc:359) Too little data - removing Gaussian (weight 0.038924, occupation count 7.668097, vector size 39)
WARNING (gmm-est[5.5]:MleDiagGmmUpdate():mle-diag-gmm.cc:359) Too little data - removing Gaussian (weight 0.016624, occupation count 9.857815, vector size 39)
WARNING (gmm-est[5.5]:MleDiagGmmUpdate():mle-diag-gmm.cc:359) Too little data - removing Gaussian (weight 0.015636, occupation count 9.272368, vector size 39)
WARNING (gmm-est[5.5]:MleDiagGmmUpdate():mle-diag-gmm.cc:359) Too little data - removing Gaussian (weight 0.015240, occupation count 9.037298, vector size 39)
WARNING (gmm-est[5.5]:MleDiagGmmUpdate():mle-diag-gmm.cc:359) Too little data - removing Gaussian (weight 0.011202, occupation count 6.643063, vector size 39)
WARNING (gmm-est[5.5]:MleDiagGmmUpdate():mle-diag-gmm.cc:359) Too little data - removing Gaussian (weight 0.015618, occupation count 9.261726, vector size 39)
WARNING (gmm-est[5.5]:MleDiagGmmUpdate():mle-diag-gmm.cc:359) Too little data - removing Gaussian (weight 0.030633, occupation count 3.584047, vector size 39)
WARNING (gmm-est[5.5]:MleDiagGmmUpdate():mle-diag-gmm.cc:359) Too little data - removing Gaussian (weight 0.052307, occupation count 8.735291, vector size 39)
WARNING (gmm-est[5.5]:MleDiagGmmUpdate():mle-diag-gmm.cc:359) Too little data - removing Gaussian (weight 0.052808, occupation count 8.818884, vector size 39)
WARNING (gmm-est[5.5]:MleDiagGmmUpdate():mle-diag-gmm.cc:359) Too little data - removing Gaussian (weight 0.070522, occupation count 9.379467, vector size 39)
WARNING (gmm-est[5.5]:MleDiagGmmUpdate():mle-diag-gmm.cc:359) Too little data - removing Gaussian (weight 0.029112, occupation count 2.037812, vector size 39)
WARNING (gmm-est[5.5]:MleDiagGmmUpdate():mle-diag-gmm.cc:359) Too little data - removing Gaussian (weight 0.071645, occupation count 8.095885, vector size 39)
WARNING (gmm-est[5.5]:MleDiagGmmUpdate():mle-diag-gmm.cc:359) Too little data - removing Gaussian (weight 0.046198, occupation count 8.407982, vector size 39)
WARNING (gmm-est[5.5]:MleDiagGmmUpdate():mle-diag-gmm.cc:359) Too little data - removing Gaussian (weight 0.048225, occupation count 8.776935, vector size 39)
WARNING (gmm-est[5.5]:MleDiagGmmUpdate():mle-diag-gmm.cc:359) Too little data - removing Gaussian (weight 0.065982, occupation count 8.049845, vector size 39)
WARNING (gmm-est[5.5]:MleDiagGmmUpdate():mle-diag-gmm.cc:359) Too little data - removing Gaussian (weight 0.049377, occupation count 6.023938, vector size 39)
WARNING (gmm-est[5.5]:MleDiagGmmUpdate():mle-diag-gmm.cc:359) Too little data - removing Gaussian (weight 0.014181, occupation count 3.346689, vector size 39)
WARNING (gmm-est[5.5]:MleDiagGmmUpdate():mle-diag-gmm.cc:359) Too little data - removing Gaussian (weight 0.026209, occupation count 6.185403, vector size 39)
WARNING (gmm-est[5.5]:MleDiagGmmUpdate():mle-diag-gmm.cc:359) Too little data - removing Gaussian (weight 0.054680, occupation count 6.616220, vector size 39)
WARNING (gmm-est[5.5]:MleDiagGmmUpdate():mle-diag-gmm.cc:359) Too little data - removing Gaussian (weight 0.081964, occupation count 9.917654, vector size 39)
LOG (gmm-est[5.5]:MleAmDiagGmmUpdate():mle-am-diag-gmm.cc:225) 0 variance elements floored in 0 Gaussians, out of 889
LOG (gmm-est[5.5]:MleAmDiagGmmUpdate():mle-am-diag-gmm.cc:229) Removed 107 Gaussians due to counts < --min-gaussian-occupancy=10 and --remove-low-count-gaussians=true
LOG (gmm-est[5.5]:main():gmm-est.cc:113) GMM update: Overall 2.27391 objective function improvement per frame over 20772 frames
LOG (gmm-est[5.5]:main():gmm-est.cc:116) GMM update: Overall avg like per frame = -89.0291 over 20772 frames.
WARNING (gmm-est[5.5]:GetSplitTargets():model-common.cc:134) Could not split up to 2720 due to min-count = 20 (or no counts at all)
LOG (gmm-est[5.5]:SplitByCount():am-diag-gmm.cc:116) Split 88 states with target = 2720, power = 0.25, perturb_factor = 0.01 and min_count = 20, split #Gauss from 889 to 996
LOG (gmm-est[5.5]:main():gmm-est.cc:146) Written model to exp/tri1/4.mdl
# Accounting: time=0 threads=1
# Ended (code 0) at Tue Jan 22 04:27:09 EST 2019, elapsed time 0 seconds
