# gmm-est --mix-up=3440 --power=0.25 --write-occs=exp/tri1/6.occs exp/tri1/5.mdl "gmm-sum-accs - exp/tri1/5.*.acc |" exp/tri1/6.mdl 
# Started at Tue Jan 22 04:27:10 EST 2019
#
gmm-est --mix-up=3440 --power=0.25 --write-occs=exp/tri1/6.occs exp/tri1/5.mdl 'gmm-sum-accs - exp/tri1/5.*.acc |' exp/tri1/6.mdl 
gmm-sum-accs - exp/tri1/5.1.acc 
LOG (gmm-sum-accs[5.5]:main():gmm-sum-accs.cc:63) Summed 1 stats, total count 20772, avg like/frame -83.6063
LOG (gmm-sum-accs[5.5]:main():gmm-sum-accs.cc:66) Total count of stats is 20772
LOG (gmm-sum-accs[5.5]:main():gmm-sum-accs.cc:67) Written stats to -
LOG (gmm-est[5.5]:MleUpdate():transition-model.cc:528) TransitionModel::Update, objf change is 0 per frame over 20772 frames. 
LOG (gmm-est[5.5]:MleUpdate():transition-model.cc:531) 8 probabilities floored, 314 out of 414 transition-states skipped due to insuffient data (it is normal to have some skipped.)
LOG (gmm-est[5.5]:main():gmm-est.cc:102) Transition model update: Overall 0 log-like improvement per frame over 20772 frames.
WARNING (gmm-est[5.5]:MleDiagGmmUpdate():mle-diag-gmm.cc:359) Too little data - removing Gaussian (weight 0.002070, occupation count 9.783980, vector size 39)
WARNING (gmm-est[5.5]:MleDiagGmmUpdate():mle-diag-gmm.cc:359) Too little data - removing Gaussian (weight 0.001741, occupation count 8.228425, vector size 39)
WARNING (gmm-est[5.5]:MleDiagGmmUpdate():mle-diag-gmm.cc:359) Too little data - removing Gaussian (weight 0.002018, occupation count 9.539535, vector size 39)
WARNING (gmm-est[5.5]:MleDiagGmmUpdate():mle-diag-gmm.cc:359) Too little data - removing Gaussian (weight 0.001525, occupation count 7.208323, vector size 39)
WARNING (gmm-est[5.5]:MleDiagGmmUpdate():mle-diag-gmm.cc:359) Too little data - removing Gaussian (weight 0.002045, occupation count 9.668501, vector size 39)
WARNING (gmm-est[5.5]:MleDiagGmmUpdate():mle-diag-gmm.cc:359) Too little data - removing Gaussian (weight 0.001932, occupation count 9.134817, vector size 39)
WARNING (gmm-est[5.5]:MleDiagGmmUpdate():mle-diag-gmm.cc:359) Too little data - removing Gaussian (weight 0.001478, occupation count 6.986379, vector size 39)
WARNING (gmm-est[5.5]:MleDiagGmmUpdate():mle-diag-gmm.cc:359) Too little data - removing Gaussian (weight 0.001962, occupation count 9.275277, vector size 39)
WARNING (gmm-est[5.5]:MleDiagGmmUpdate():mle-diag-gmm.cc:359) Too little data - removing Gaussian (weight 0.001960, occupation count 9.266013, vector size 39)
WARNING (gmm-est[5.5]:MleDiagGmmUpdate():mle-diag-gmm.cc:359) Too little data - removing Gaussian (weight 0.001855, occupation count 8.770251, vector size 39)
WARNING (gmm-est[5.5]:MleDiagGmmUpdate():mle-diag-gmm.cc:359) Too little data - removing Gaussian (weight 0.001966, occupation count 9.295172, vector size 39)
WARNING (gmm-est[5.5]:MleDiagGmmUpdate():mle-diag-gmm.cc:359) Too little data - removing Gaussian (weight 0.001433, occupation count 6.773546, vector size 39)
WARNING (gmm-est[5.5]:MleDiagGmmUpdate():mle-diag-gmm.cc:359) Too little data - removing Gaussian (weight 0.001485, occupation count 7.021274, vector size 39)
WARNING (gmm-est[5.5]:MleDiagGmmUpdate():mle-diag-gmm.cc:359) Too little data - removing Gaussian (weight 0.001967, occupation count 9.297934, vector size 39)
WARNING (gmm-est[5.5]:MleDiagGmmUpdate():mle-diag-gmm.cc:359) Too little data - removing Gaussian (weight 0.001999, occupation count 9.448164, vector size 39)
WARNING (gmm-est[5.5]:MleDiagGmmUpdate():mle-diag-gmm.cc:359) Too little data - removing Gaussian (weight 0.001442, occupation count 6.817515, vector size 39)
WARNING (gmm-est[5.5]:MleDiagGmmUpdate():mle-diag-gmm.cc:359) Too little data - removing Gaussian (weight 0.001807, occupation count 8.543269, vector size 39)
WARNING (gmm-est[5.5]:MleDiagGmmUpdate():mle-diag-gmm.cc:359) Too little data - removing Gaussian (weight 0.001847, occupation count 8.729775, vector size 39)
WARNING (gmm-est[5.5]:MleDiagGmmUpdate():mle-diag-gmm.cc:359) Too little data - removing Gaussian (weight 0.001592, occupation count 7.526576, vector size 39)
WARNING (gmm-est[5.5]:MleDiagGmmUpdate():mle-diag-gmm.cc:359) Too little data - removing Gaussian (weight 0.001992, occupation count 9.417786, vector size 39)
WARNING (gmm-est[5.5]:MleDiagGmmUpdate():mle-diag-gmm.cc:359) Too little data - removing Gaussian (weight 0.001703, occupation count 8.050704, vector size 39)
WARNING (gmm-est[5.5]:MleDiagGmmUpdate():mle-diag-gmm.cc:359) Too little data - removing Gaussian (weight 0.001579, occupation count 7.462573, vector size 39)
WARNING (gmm-est[5.5]:MleDiagGmmUpdate():mle-diag-gmm.cc:359) Too little data - removing Gaussian (weight 0.001683, occupation count 7.955194, vector size 39)
WARNING (gmm-est[5.5]:MleDiagGmmUpdate():mle-diag-gmm.cc:359) Too little data - removing Gaussian (weight 0.001442, occupation count 6.815009, vector size 39)
WARNING (gmm-est[5.5]:MleDiagGmmUpdate():mle-diag-gmm.cc:359) Too little data - removing Gaussian (weight 0.002022, occupation count 9.558907, vector size 39)
WARNING (gmm-est[5.5]:MleDiagGmmUpdate():mle-diag-gmm.cc:359) Too little data - removing Gaussian (weight 0.001931, occupation count 9.129330, vector size 39)
WARNING (gmm-est[5.5]:MleDiagGmmUpdate():mle-diag-gmm.cc:359) Too little data - removing Gaussian (weight 0.001940, occupation count 9.169285, vector size 39)
WARNING (gmm-est[5.5]:MleDiagGmmUpdate():mle-diag-gmm.cc:359) Too little data - removing Gaussian (weight 0.001520, occupation count 7.183093, vector size 39)
WARNING (gmm-est[5.5]:MleDiagGmmUpdate():mle-diag-gmm.cc:359) Too little data - removing Gaussian (weight 0.001936, occupation count 9.152831, vector size 39)
WARNING (gmm-est[5.5]:MleDiagGmmUpdate():mle-diag-gmm.cc:365) Gaussian has too little data but not removing it because it is the last Gaussian: i = 0, occ = 0, weight = 1
WARNING (gmm-est[5.5]:MleDiagGmmUpdate():mle-diag-gmm.cc:359) Too little data - removing Gaussian (weight 0.043689, occupation count 9.000003, vector size 39)
WARNING (gmm-est[5.5]:MleDiagGmmUpdate():mle-diag-gmm.cc:359) Too little data - removing Gaussian (weight 0.003621, occupation count 8.292150, vector size 39)
WARNING (gmm-est[5.5]:MleDiagGmmUpdate():mle-diag-gmm.cc:359) Too little data - removing Gaussian (weight 0.004085, occupation count 9.354078, vector size 39)
WARNING (gmm-est[5.5]:MleDiagGmmUpdate():mle-diag-gmm.cc:359) Too little data - removing Gaussian (weight 0.003060, occupation count 7.008529, vector size 39)
WARNING (gmm-est[5.5]:MleDiagGmmUpdate():mle-diag-gmm.cc:359) Too little data - removing Gaussian (weight 0.004103, occupation count 9.394893, vector size 39)
WARNING (gmm-est[5.5]:MleDiagGmmUpdate():mle-diag-gmm.cc:359) Too little data - removing Gaussian (weight 0.004348, occupation count 9.956366, vector size 39)
WARNING (gmm-est[5.5]:MleDiagGmmUpdate():mle-diag-gmm.cc:359) Too little data - removing Gaussian (weight 0.004186, occupation count 9.585717, vector size 39)
WARNING (gmm-est[5.5]:MleDiagGmmUpdate():mle-diag-gmm.cc:359) Too little data - removing Gaussian (weight 0.023479, occupation count 8.029786, vector size 39)
WARNING (gmm-est[5.5]:MleDiagGmmUpdate():mle-diag-gmm.cc:359) Too little data - removing Gaussian (weight 0.029953, occupation count 9.944265, vector size 39)
WARNING (gmm-est[5.5]:MleDiagGmmUpdate():mle-diag-gmm.cc:359) Too little data - removing Gaussian (weight 0.038584, occupation count 9.067308, vector size 39)
WARNING (gmm-est[5.5]:MleDiagGmmUpdate():mle-diag-gmm.cc:359) Too little data - removing Gaussian (weight 0.046589, occupation count 9.224706, vector size 39)
WARNING (gmm-est[5.5]:MleDiagGmmUpdate():mle-diag-gmm.cc:359) Too little data - removing Gaussian (weight 0.010264, occupation count 7.892946, vector size 39)
WARNING (gmm-est[5.5]:MleDiagGmmUpdate():mle-diag-gmm.cc:359) Too little data - removing Gaussian (weight 0.010158, occupation count 7.811881, vector size 39)
WARNING (gmm-est[5.5]:MleDiagGmmUpdate():mle-diag-gmm.cc:359) Too little data - removing Gaussian (weight 0.033715, occupation count 9.069323, vector size 39)
WARNING (gmm-est[5.5]:MleDiagGmmUpdate():mle-diag-gmm.cc:359) Too little data - removing Gaussian (weight 0.033436, occupation count 8.994336, vector size 39)
WARNING (gmm-est[5.5]:MleDiagGmmUpdate():mle-diag-gmm.cc:359) Too little data - removing Gaussian (weight 0.015808, occupation count 9.374216, vector size 39)
LOG (gmm-est[5.5]:MleAmDiagGmmUpdate():mle-am-diag-gmm.cc:225) 0 variance elements floored in 0 Gaussians, out of 951
LOG (gmm-est[5.5]:MleAmDiagGmmUpdate():mle-am-diag-gmm.cc:229) Removed 45 Gaussians due to counts < --min-gaussian-occupancy=10 and --remove-low-count-gaussians=true
LOG (gmm-est[5.5]:main():gmm-est.cc:113) GMM update: Overall 0.824557 objective function improvement per frame over 20772 frames
LOG (gmm-est[5.5]:main():gmm-est.cc:116) GMM update: Overall avg like per frame = -83.6063 over 20772 frames.
WARNING (gmm-est[5.5]:GetSplitTargets():model-common.cc:134) Could not split up to 3440 due to min-count = 20 (or no counts at all)
LOG (gmm-est[5.5]:SplitByCount():am-diag-gmm.cc:116) Split 88 states with target = 3440, power = 0.25, perturb_factor = 0.01 and min_count = 20, split #Gauss from 951 to 996
LOG (gmm-est[5.5]:main():gmm-est.cc:146) Written model to exp/tri1/6.mdl
# Accounting: time=0 threads=1
# Ended (code 0) at Tue Jan 22 04:27:10 EST 2019, elapsed time 0 seconds
