# lattice-best-path --lm-scale=8 --word-symbol-table=exp/tri1/graph/words.txt "ark:gunzip -c exp/tri1/decode/lat.*.gz|" ark,t:exp/tri1/decode/scoring/8.tra 
# Started at Tue Jan 22 04:27:26 EST 2019
#
lattice-best-path --lm-scale=8 --word-symbol-table=exp/tri1/graph/words.txt 'ark:gunzip -c exp/tri1/decode/lat.*.gz|' ark,t:exp/tri1/decode/scoring/8.tra 
LOG (lattice-best-path[5.5]:main():lattice-best-path.cc:99) For utterance 1-584, best cost 199.687 + 20040 = 20239.7 over 220 frames.
1-584 five eight four 
LOG (lattice-best-path[5.5]:main():lattice-best-path.cc:99) For utterance 1-774, best cost 214.41 + 20842.7 = 21057.1 over 240 frames.
1-774 seven seven four 
LOG (lattice-best-path[5.5]:main():lattice-best-path.cc:99) For utterance 1-789, best cost 189.057 + 19666.4 = 19855.4 over 226 frames.
1-789 seven eight nine 
LOG (lattice-best-path[5.5]:main():lattice-best-path.cc:99) For utterance 1-897, best cost 186.754 + 18639.8 = 18826.5 over 210 frames.
1-897 eight nine seven 
LOG (lattice-best-path[5.5]:main():lattice-best-path.cc:99) For utterance 1-905, best cost 190.948 + 19297.2 = 19488.2 over 223 frames.
1-905 nine zero five 
LOG (lattice-best-path[5.5]:main():lattice-best-path.cc:99) For utterance 1-964, best cost 187.552 + 18029.9 = 18217.5 over 208 frames.
1-964 nine six four 
LOG (lattice-best-path[5.5]:main():lattice-best-path.cc:99) For utterance 2-021, best cost 180.324 + 19188 = 19368.3 over 247 frames.
2-021 zero two one 
LOG (lattice-best-path[5.5]:main():lattice-best-path.cc:99) For utterance 2-578, best cost 194.091 + 18955.4 = 19149.4 over 228 frames.
2-578 five seven eight 
LOG (lattice-best-path[5.5]:main():lattice-best-path.cc:99) For utterance 2-702, best cost 199.973 + 21196.6 = 21396.6 over 268 frames.
2-702 seven zero two 
LOG (lattice-best-path[5.5]:main():lattice-best-path.cc:99) For utterance 2-718, best cost 192.515 + 19744.2 = 19936.7 over 248 frames.
2-718 seven one eight 
LOG (lattice-best-path[5.5]:main():lattice-best-path.cc:99) For utterance 2-789, best cost 198.831 + 21769.6 = 21968.4 over 249 frames.
2-789 seven eight nine 
LOG (lattice-best-path[5.5]:main():lattice-best-path.cc:99) For utterance 2-891, best cost 200.395 + 20817.8 = 21018.2 over 235 frames.
2-891 eight nine one 
LOG (lattice-best-path[5.5]:main():lattice-best-path.cc:99) For utterance 3-132, best cost 203.008 + 22675 = 22878 over 276 frames.
3-132 one three two 
LOG (lattice-best-path[5.5]:main():lattice-best-path.cc:99) For utterance 3-254, best cost 178.336 + 20617.1 = 20795.4 over 256 frames.
3-254 two five four 
LOG (lattice-best-path[5.5]:main():lattice-best-path.cc:99) For utterance 3-467, best cost 196.469 + 21905.9 = 22102.4 over 272 frames.
3-467 four six seven 
LOG (lattice-best-path[5.5]:main():lattice-best-path.cc:99) For utterance 3-587, best cost 186.875 + 19835.1 = 20022 over 238 frames.
3-587 five eight seven 
LOG (lattice-best-path[5.5]:main():lattice-best-path.cc:99) For utterance 3-789, best cost 186.336 + 20225.2 = 20411.5 over 247 frames.
3-789 seven eight nine 
LOG (lattice-best-path[5.5]:main():lattice-best-path.cc:99) For utterance 3-945, best cost 185.317 + 20740.4 = 20925.7 over 258 frames.
3-945 nine four five 
LOG (lattice-best-path[5.5]:main():lattice-best-path.cc:99) For utterance 4-112, best cost 174.935 + 17569.4 = 17744.4 over 227 frames.
4-112 one one two 
LOG (lattice-best-path[5.5]:main():lattice-best-path.cc:99) For utterance 4-141, best cost 180.733 + 18639 = 18819.7 over 241 frames.
4-141 one four one 
LOG (lattice-best-path[5.5]:main():lattice-best-path.cc:99) For utterance 4-412, best cost 174.366 + 18135.4 = 18309.8 over 233 frames.
4-412 four one two 
LOG (lattice-best-path[5.5]:main():lattice-best-path.cc:99) For utterance 4-596, best cost 192.203 + 21594.6 = 21786.8 over 254 frames.
4-596 five nine six 
LOG (lattice-best-path[5.5]:main():lattice-best-path.cc:99) For utterance 4-841, best cost 181.602 + 21178.9 = 21360.5 over 263 frames.
4-841 eight four one 
LOG (lattice-best-path[5.5]:main():lattice-best-path.cc:99) For utterance 4-984, best cost 183.359 + 21116.8 = 21300.2 over 249 frames.
4-984 nine eight four 
LOG (lattice-best-path[5.5]:main():lattice-best-path.cc:99) For utterance 5-105, best cost 194.243 + 26602.2 = 26796.5 over 310 frames.
5-105 one zero five 
LOG (lattice-best-path[5.5]:main():lattice-best-path.cc:99) For utterance 5-236, best cost 207.992 + 26233.2 = 26441.2 over 306 frames.
5-236 two three six 
LOG (lattice-best-path[5.5]:main():lattice-best-path.cc:99) For utterance 5-415, best cost 181.789 + 18734.5 = 18916.3 over 230 frames.
5-415 four one five 
LOG (lattice-best-path[5.5]:main():lattice-best-path.cc:99) For utterance 5-419, best cost 191.474 + 27718.1 = 27909.6 over 327 frames.
5-419 four one nine 
LOG (lattice-best-path[5.5]:main():lattice-best-path.cc:99) For utterance 5-742, best cost 185.859 + 22230.6 = 22416.5 over 268 frames.
5-742 seven four two 
LOG (lattice-best-path[5.5]:main():lattice-best-path.cc:99) For utterance 5-986, best cost 213.063 + 26718.8 = 26931.9 over 307 frames.
5-986 nine eight six 
LOG (lattice-best-path[5.5]:main():lattice-best-path.cc:99) For utterance 6-032, best cost 242.333 + 30054 = 30296.4 over 311 frames.
6-032 zero three two 
LOG (lattice-best-path[5.5]:main():lattice-best-path.cc:99) For utterance 6-123, best cost 312.308 + 27507 = 27819.3 over 276 frames.
6-123 one two eight three eight eight 
LOG (lattice-best-path[5.5]:main():lattice-best-path.cc:99) For utterance 6-230, best cost 214.056 + 24409 = 24623.1 over 274 frames.
6-230 two three zero 
LOG (lattice-best-path[5.5]:main():lattice-best-path.cc:99) For utterance 6-234, best cost 195.697 + 26866.1 = 27061.8 over 289 frames.
6-234 two three four 
LOG (lattice-best-path[5.5]:main():lattice-best-path.cc:99) For utterance 6-450, best cost 216.704 + 29278.9 = 29495.6 over 297 frames.
6-450 four five zero 
LOG (lattice-best-path[5.5]:main():lattice-best-path.cc:99) For utterance 6-560, best cost 284.534 + 32654.7 = 32939.2 over 323 frames.
6-560 five six eight zero 
LOG (lattice-best-path[5.5]:main():lattice-best-path.cc:99) For utterance 7-011, best cost 207.604 + 23789.8 = 23997.4 over 282 frames.
7-011 zero one one 
LOG (lattice-best-path[5.5]:main():lattice-best-path.cc:99) For utterance 7-230, best cost 232.884 + 28209.5 = 28442.4 over 284 frames.
7-230 two three zero 
LOG (lattice-best-path[5.5]:main():lattice-best-path.cc:99) For utterance 7-567, best cost 205.036 + 24463.8 = 24668.9 over 253 frames.
7-567 five six seven 
LOG (lattice-best-path[5.5]:main():lattice-best-path.cc:99) For utterance 7-678, best cost 190.088 + 24545.1 = 24735.2 over 249 frames.
7-678 six seven eight 
LOG (lattice-best-path[5.5]:main():lattice-best-path.cc:99) For utterance 7-748, best cost 257.855 + 25187.6 = 25445.5 over 240 frames.
7-748 seven five eight 
LOG (lattice-best-path[5.5]:main():lattice-best-path.cc:99) For utterance 7-951, best cost 214.139 + 25060.3 = 25274.5 over 257 frames.
7-951 nine five one 
LOG (lattice-best-path[5.5]:main():lattice-best-path.cc:99) For utterance 8-122, best cost 169.902 + 21438.5 = 21608.4 over 248 frames.
8-122 one two two 
LOG (lattice-best-path[5.5]:main():lattice-best-path.cc:99) For utterance 8-221, best cost 171.513 + 21524 = 21695.5 over 258 frames.
8-221 two two one 
LOG (lattice-best-path[5.5]:main():lattice-best-path.cc:99) For utterance 8-235, best cost 182.655 + 22762.2 = 22944.9 over 261 frames.
8-235 two three five 
LOG (lattice-best-path[5.5]:main():lattice-best-path.cc:99) For utterance 8-348, best cost 184.531 + 26557.3 = 26741.8 over 306 frames.
8-348 three four eight 
LOG (lattice-best-path[5.5]:main():lattice-best-path.cc:99) For utterance 8-524, best cost 179.73 + 21269.2 = 21449 over 248 frames.
8-524 five two four 
LOG (lattice-best-path[5.5]:main():lattice-best-path.cc:99) For utterance 8-808, best cost 185.189 + 24795.5 = 24980.7 over 273 frames.
8-808 eight zero eight 
LOG (lattice-best-path[5.5]:main():lattice-best-path.cc:124) Overall cost per frame is 88.0981 = 0.766769 [graph] + 87.3313 [acoustic] over 12493 frames.
LOG (lattice-best-path[5.5]:main():lattice-best-path.cc:128) Done 48 lattices, failed for 0
# Accounting: time=0 threads=1
# Ended (code 0) at Tue Jan 22 04:27:26 EST 2019, elapsed time 0 seconds
